# JRE version: OpenJDK Runtime Environment Temurin-17+35 (17.0+35) (build 17+35)
# Java VM: OpenJDK 64-Bit Server VM Temurin-17+35 (17+35, mixed mode, tiered, compressed oops, compressed class ptrs, g1 gc, windows-amd64)
GC Precious Log:
 CPUs: 2 total, 2 available
 Memory: 8089M
 Large Page Support: Disabled
 NUMA Support: Disabled
 Compressed Oops: Enabled (32-bit)
 Heap Region Size: 1M
 Heap Min Capacity: 8M
 Heap Initial Capacity: 128M
 Heap Max Capacity: 2024M
 Pre-touch: Disabled
 Parallel Workers: 2
 Concurrent Workers: 1
 Concurrent Refinement Workers: 2
 Periodic GC: Disabled
Heap:
 garbage-first heap   total 48128K, used 21447K [0x0000000081800000, 0x0000000100000000)
  region size 1024K, 5 young (5120K), 2 survivors (2048K)
 Metaspace       used 37696K, committed 38016K, reserved 1089536K
  class space    used 4178K, committed 4352K, reserved 1048576K
GC Heap History (20 events):
Event: 21.205 GC heap before
{Heap before GC invocations=10 (full 0):
 garbage-first heap   total 48128K, used 33340K [0x0000000081800000, 0x0000000100000000)
  region size 1024K, 17 young (17408K), 2 survivors (2048K)
 Metaspace       used 36613K, committed 36864K, reserved 1089536K
  class space    used 4113K, committed 4224K, reserved 1048576K
}
Event: 21.209 GC heap after
{Heap after GC invocations=11 (full 0):
 garbage-first heap   total 48128K, used 19146K [0x0000000081800000, 0x0000000100000000)
  region size 1024K, 2 young (2048K), 2 survivors (2048K)
 Metaspace       used 36613K, committed 36864K, reserved 1089536K
  class space    used 4113K, committed 4224K, reserved 1048576K
}
Event: 29.020 GC heap before
{Heap before GC invocations=11 (full 0):
 garbage-first heap   total 48128K, used 34506K [0x0000000081800000, 0x0000000100000000)
  region size 1024K, 18 young (18432K), 2 survivors (2048K)
 Metaspace       used 36739K, committed 36992K, reserved 1089536K
  class space    used 4120K, committed 4224K, reserved 1048576K
}
Event: 29.024 GC heap after
{Heap after GC invocations=12 (full 0):
 garbage-first heap   total 48128K, used 19257K [0x0000000081800000, 0x0000000100000000)
  region size 1024K, 2 young (2048K), 2 survivors (2048K)
 Metaspace       used 36739K, committed 36992K, reserved 1089536K
  class space    used 4120K, committed 4224K, reserved 1048576K
}
Event: 42.402 GC heap before
{Heap before GC invocations=12 (full 0):
 garbage-first heap   total 48128K, used 35641K [0x0000000081800000, 0x0000000100000000)
  region size 1024K, 19 young (19456K), 2 survivors (2048K)
 Metaspace       used 36799K, committed 37056K, reserved 1089536K
  class space    used 4121K, committed 4224K, reserved 1048576K
}
Event: 42.406 GC heap after
{Heap after GC invocations=13 (full 0):
 garbage-first heap   total 48128K, used 19151K [0x0000000081800000, 0x0000000100000000)
  region size 1024K, 2 young (2048K), 2 survivors (2048K)
 Metaspace       used 36799K, committed 37056K, reserved 1089536K
  class space    used 4121K, committed 4224K, reserved 1048576K
}
Event: 63.768 GC heap before
{Heap before GC invocations=13 (full 0):
 garbage-first heap   total 48128K, used 36559K [0x0000000081800000, 0x0000000100000000)
  region size 1024K, 20 young (20480K), 2 survivors (2048K)
 Metaspace       used 36872K, committed 37120K, reserved 1089536K
  class space    used 4121K, committed 4224K, reserved 1048576K
}
Event: 63.772 GC heap after
{Heap after GC invocations=14 (full 0):
 garbage-first heap   total 48128K, used 19219K [0x0000000081800000, 0x0000000100000000)
  region size 1024K, 2 young (2048K), 2 survivors (2048K)
 Metaspace       used 36872K, committed 37120K, reserved 1089536K
  class space    used 4121K, committed 4224K, reserved 1048576K
}
Event: 69.896 GC heap before
{Heap before GC invocations=14 (full 0):
 garbage-first heap   total 48128K, used 36627K [0x0000000081800000, 0x0000000100000000)
  region size 1024K, 20 young (20480K), 2 survivors (2048K)
 Metaspace       used 36912K, committed 37184K, reserved 1089536K
  class space    used 4121K, committed 4224K, reserved 1048576K
}
Event: 69.900 GC heap after
{Heap after GC invocations=15 (full 0):
 garbage-first heap   total 48128K, used 19186K [0x0000000081800000, 0x0000000100000000)
  region size 1024K, 2 young (2048K), 2 survivors (2048K)
 Metaspace       used 36912K, committed 37184K, reserved 1089536K
  class space    used 4121K, committed 4224K, reserved 1048576K
}
Event: 83.965 GC heap before
{Heap before GC invocations=15 (full 0):
 garbage-first heap   total 48128K, used 38642K [0x0000000081800000, 0x0000000100000000)
  region size 1024K, 21 young (21504K), 2 survivors (2048K)
 Metaspace       used 36996K, committed 37184K, reserved 1089536K
  class space    used 4122K, committed 4224K, reserved 1048576K
}
Event: 83.969 GC heap after
{Heap after GC invocations=16 (full 0):
 garbage-first heap   total 48128K, used 19286K [0x0000000081800000, 0x0000000100000000)
  region size 1024K, 2 young (2048K), 2 survivors (2048K)
 Metaspace       used 36996K, committed 37184K, reserved 1089536K
  class space    used 4122K, committed 4224K, reserved 1048576K
}
Event: 103.122 GC heap before
{Heap before GC invocations=16 (full 0):
 garbage-first heap   total 48128K, used 37718K [0x0000000081800000, 0x0000000100000000)
  region size 1024K, 21 young (21504K), 2 survivors (2048K)
 Metaspace       used 37053K, committed 37312K, reserved 1089536K
  class space    used 4122K, committed 4224K, reserved 1048576K
}
Event: 103.127 GC heap after
{Heap after GC invocations=17 (full 0):
 garbage-first heap   total 48128K, used 19305K [0x0000000081800000, 0x0000000100000000)
  region size 1024K, 2 young (2048K), 2 survivors (2048K)
 Metaspace       used 37053K, committed 37312K, reserved 1089536K
  class space    used 4122K, committed 4224K, reserved 1048576K
}
Event: 184.112 GC heap before
{Heap before GC invocations=17 (full 0):
 garbage-first heap   total 48128K, used 38761K [0x0000000081800000, 0x0000000100000000)
  region size 1024K, 22 young (22528K), 2 survivors (2048K)
 Metaspace       used 37203K, committed 37440K, reserved 1089536K
  class space    used 4131K, committed 4224K, reserved 1048576K
}
Event: 184.117 GC heap after
{Heap after GC invocations=18 (full 0):
 garbage-first heap   total 48128K, used 19187K [0x0000000081800000, 0x0000000100000000)
  region size 1024K, 2 young (2048K), 2 survivors (2048K)
 Metaspace       used 37203K, committed 37440K, reserved 1089536K
  class space    used 4131K, committed 4224K, reserved 1048576K
}
Event: 184.361 GC heap before
{Heap before GC invocations=18 (full 0):
 garbage-first heap   total 48128K, used 38643K [0x0000000081800000, 0x0000000100000000)
  region size 1024K, 22 young (22528K), 2 survivors (2048K)
 Metaspace       used 37312K, committed 37568K, reserved 1089536K
  class space    used 4140K, committed 4224K, reserved 1048576K
}
Event: 184.371 GC heap after
{Heap after GC invocations=19 (full 0):
 garbage-first heap   total 48128K, used 19288K [0x0000000081800000, 0x0000000100000000)
  region size 1024K, 2 young (2048K), 2 survivors (2048K)
 Metaspace       used 37312K, committed 37568K, reserved 1089536K
  class space    used 4140K, committed 4224K, reserved 1048576K
}
Event: 184.636 GC heap before
{Heap before GC invocations=19 (full 0):
 garbage-first heap   total 48128K, used 39768K [0x0000000081800000, 0x0000000100000000)
  region size 1024K, 22 young (22528K), 2 survivors (2048K)
 Metaspace       used 37677K, committed 38016K, reserved 1089536K
  class space    used 4176K, committed 4352K, reserved 1048576K
}
Event: 184.643 GC heap after
{Heap after GC invocations=20 (full 0):
 garbage-first heap   total 48128K, used 19399K [0x0000000081800000, 0x0000000100000000)
  region size 1024K, 2 young (2048K), 2 survivors (2048K)
 Metaspace       used 37677K, committed 38016K, reserved 1089536K
  class space    used 4176K, committed 4352K, reserved 1048576K
}

