# JRE version: Java(TM) SE Runtime Environment (8.0_301-b09) (build 1.8.0_301-b09)
# Java VM: Java HotSpot(TM) 64-Bit Server VM (25.301-b09 mixed mode windows-amd64 compressed oops)
Heap:
 PSYoungGen      total 14336K, used 2548K [0x00000000d5d80000, 0x00000000d7d80000, 0x0000000100000000)
  eden space 12288K, 20% used [0x00000000d5d80000,0x00000000d5ffd228,0x00000000d6980000)
  from space 2048K, 0% used [0x00000000d6980000,0x00000000d6980000,0x00000000d6b80000)
  to   space 4096K, 0% used [0x00000000d7980000,0x00000000d7980000,0x00000000d7d80000)
 ParOldGen       total 5632K, used 5611K [0x0000000081800000, 0x0000000081d80000, 0x00000000d5d80000)
  object space 5632K, 99% used [0x0000000081800000,0x0000000081d7ac50,0x0000000081d80000)
 Metaspace       used 7245K, capacity 7956K, committed 8192K, reserved 1056768K
  class space    used 879K, capacity 912K, committed 1024K, reserved 1048576K
GC Heap History (10 events):
Event: 0.420 GC heap before
{Heap before GC invocations=4 (full 0):
 PSYoungGen      total 3584K, used 3570K [0x00000000d5d80000, 0x00000000d6480000, 0x0000000100000000)
  eden space 3072K, 100% used [0x00000000d5d80000,0x00000000d6080000,0x00000000d6080000)
  from space 512K, 97% used [0x00000000d6080000,0x00000000d60fca80,0x00000000d6100000)
  to   space 512K, 0% used [0x00000000d6400000,0x00000000d6400000,0x00000000d6480000)
 ParOldGen       total 5632K, used 576K [0x0000000081800000, 0x0000000081d80000, 0x00000000d5d80000)
  object space 5632K, 10% used [0x0000000081800000,0x0000000081890050,0x0000000081d80000)
 Metaspace       used 6080K, capacity 7244K, committed 7552K, reserved 1056768K
  class space    used 758K, capacity 776K, committed 896K, reserved 1048576K
Event: 0.422 GC heap after
Heap after GC invocations=4 (full 0):
 PSYoungGen      total 6656K, used 483K [0x00000000d5d80000, 0x00000000d6480000, 0x0000000100000000)
  eden space 6144K, 0% used [0x00000000d5d80000,0x00000000d5d80000,0x00000000d6380000)
  from space 512K, 94% used [0x00000000d6400000,0x00000000d6478e60,0x00000000d6480000)
  to   space 512K, 0% used [0x00000000d6380000,0x00000000d6380000,0x00000000d6400000)
 ParOldGen       total 5632K, used 892K [0x0000000081800000, 0x0000000081d80000, 0x00000000d5d80000)
  object space 5632K, 15% used [0x0000000081800000,0x00000000818df338,0x0000000081d80000)
 Metaspace       used 6080K, capacity 7244K, committed 7552K, reserved 1056768K
  class space    used 758K, capacity 776K, committed 896K, reserved 1048576K
}
Event: 0.515 GC heap before
{Heap before GC invocations=5 (full 0):
 PSYoungGen      total 6656K, used 6427K [0x00000000d5d80000, 0x00000000d6480000, 0x0000000100000000)
  eden space 6144K, 96% used [0x00000000d5d80000,0x00000000d634e078,0x00000000d6380000)
  from space 512K, 94% used [0x00000000d6400000,0x00000000d6478e60,0x00000000d6480000)
  to   space 512K, 0% used [0x00000000d6380000,0x00000000d6380000,0x00000000d6400000)
 ParOldGen       total 5632K, used 892K [0x0000000081800000, 0x0000000081d80000, 0x00000000d5d80000)
  object space 5632K, 15% used [0x0000000081800000,0x00000000818df338,0x0000000081d80000)
 Metaspace       used 6483K, capacity 7596K, committed 7808K, reserved 1056768K
  class space    used 788K, capacity 808K, committed 896K, reserved 1048576K
Event: 0.520 GC heap after
Heap after GC invocations=5 (full 0):
 PSYoungGen      total 6656K, used 499K [0x00000000d5d80000, 0x00000000d6d80000, 0x0000000100000000)
  eden space 6144K, 0% used [0x00000000d5d80000,0x00000000d5d80000,0x00000000d6380000)
  from space 512K, 97% used [0x00000000d6380000,0x00000000d63fce70,0x00000000d6400000)
  to   space 2048K, 0% used [0x00000000d6b80000,0x00000000d6b80000,0x00000000d6d80000)
 ParOldGen       total 5632K, used 2006K [0x0000000081800000, 0x0000000081d80000, 0x00000000d5d80000)
  object space 5632K, 35% used [0x0000000081800000,0x00000000819f5b58,0x0000000081d80000)
 Metaspace       used 6483K, capacity 7596K, committed 7808K, reserved 1056768K
  class space    used 788K, capacity 808K, committed 896K, reserved 1048576K
}
Event: 0.535 GC heap before
{Heap before GC invocations=6 (full 0):
 PSYoungGen      total 6656K, used 6643K [0x00000000d5d80000, 0x00000000d6d80000, 0x0000000100000000)
  eden space 6144K, 100% used [0x00000000d5d80000,0x00000000d6380000,0x00000000d6380000)
  from space 512K, 97% used [0x00000000d6380000,0x00000000d63fce70,0x00000000d6400000)
  to   space 2048K, 0% used [0x00000000d6b80000,0x00000000d6b80000,0x00000000d6d80000)
 ParOldGen       total 5632K, used 2006K [0x0000000081800000, 0x0000000081d80000, 0x00000000d5d80000)
  object space 5632K, 35% used [0x0000000081800000,0x00000000819f5b58,0x0000000081d80000)
 Metaspace       used 6483K, capacity 7596K, committed 7808K, reserved 1056768K
  class space    used 788K, capacity 808K, committed 896K, reserved 1048576K
Event: 0.539 GC heap after
Heap after GC invocations=6 (full 0):
 PSYoungGen      total 14336K, used 1754K [0x00000000d5d80000, 0x00000000d6d80000, 0x0000000100000000)
  eden space 12288K, 0% used [0x00000000d5d80000,0x00000000d5d80000,0x00000000d6980000)
  from space 2048K, 85% used [0x00000000d6b80000,0x00000000d6d36be0,0x00000000d6d80000)
  to   space 2048K, 0% used [0x00000000d6980000,0x00000000d6980000,0x00000000d6b80000)
 ParOldGen       total 5632K, used 2006K [0x0000000081800000, 0x0000000081d80000, 0x00000000d5d80000)
  object space 5632K, 35% used [0x0000000081800000,0x00000000819f5b58,0x0000000081d80000)
 Metaspace       used 6483K, capacity 7596K, committed 7808K, reserved 1056768K
  class space    used 788K, capacity 808K, committed 896K, reserved 1048576K
}
Event: 0.882 GC heap before
{Heap before GC invocations=7 (full 0):
 PSYoungGen      total 14336K, used 14042K [0x00000000d5d80000, 0x00000000d6d80000, 0x0000000100000000)
  eden space 12288K, 100% used [0x00000000d5d80000,0x00000000d6980000,0x00000000d6980000)
  from space 2048K, 85% used [0x00000000d6b80000,0x00000000d6d36be0,0x00000000d6d80000)
  to   space 2048K, 0% used [0x00000000d6980000,0x00000000d6980000,0x00000000d6b80000)
 ParOldGen       total 5632K, used 2006K [0x0000000081800000, 0x0000000081d80000, 0x00000000d5d80000)
  object space 5632K, 35% used [0x0000000081800000,0x00000000819f5b58,0x0000000081d80000)
 Metaspace       used 7025K, capacity 7860K, committed 8064K, reserved 1056768K
  class space    used 855K, capacity 880K, committed 896K, reserved 1048576K
Event: 0.905 GC heap after
Heap after GC invocations=7 (full 0):
 PSYoungGen      total 14336K, used 2028K [0x00000000d5d80000, 0x00000000d7d80000, 0x0000000100000000)
  eden space 12288K, 0% used [0x00000000d5d80000,0x00000000d5d80000,0x00000000d6980000)
  from space 2048K, 99% used [0x00000000d6980000,0x00000000d6b7b0d8,0x00000000d6b80000)
  to   space 4096K, 0% used [0x00000000d7980000,0x00000000d7980000,0x00000000d7d80000)
 ParOldGen       total 5632K, used 4731K [0x0000000081800000, 0x0000000081d80000, 0x00000000d5d80000)
  object space 5632K, 84% used [0x0000000081800000,0x0000000081c9eda8,0x0000000081d80000)
 Metaspace       used 7025K, capacity 7860K, committed 8064K, reserved 1056768K
  class space    used 855K, capacity 880K, committed 896K, reserved 1048576K
}
Event: 0.905 GC heap before
{Heap before GC invocations=8 (full 1):
 PSYoungGen      total 14336K, used 2028K [0x00000000d5d80000, 0x00000000d7d80000, 0x0000000100000000)
  eden space 12288K, 0% used [0x00000000d5d80000,0x00000000d5d80000,0x00000000d6980000)
  from space 2048K, 99% used [0x00000000d6980000,0x00000000d6b7b0d8,0x00000000d6b80000)
  to   space 4096K, 0% used [0x00000000d7980000,0x00000000d7980000,0x00000000d7d80000)
 ParOldGen       total 5632K, used 4731K [0x0000000081800000, 0x0000000081d80000, 0x00000000d5d80000)
  object space 5632K, 84% used [0x0000000081800000,0x0000000081c9eda8,0x0000000081d80000)
 Metaspace       used 7025K, capacity 7860K, committed 8064K, reserved 1056768K
  class space    used 855K, capacity 880K, committed 896K, reserved 1048576K
Event: 0.968 GC heap after
Heap after GC invocations=8 (full 1):
 PSYoungGen      total 14336K, used 0K [0x00000000d5d80000, 0x00000000d7d80000, 0x0000000100000000)
  eden space 12288K, 0% used [0x00000000d5d80000,0x00000000d5d80000,0x00000000d6980000)
  from space 2048K, 0% used [0x00000000d6980000,0x00000000d6980000,0x00000000d6b80000)
  to   space 4096K, 0% used [0x00000000d7980000,0x00000000d7980000,0x00000000d7d80000)
 ParOldGen       total 5632K, used 5611K [0x0000000081800000, 0x0000000081d80000, 0x00000000d5d80000)
  object space 5632K, 99% used [0x0000000081800000,0x0000000081d7ac50,0x0000000081d80000)
 Metaspace       used 7025K, capacity 7860K, committed 8064K, reserved 1056768K
  class space    used 855K, capacity 880K, committed 896K, reserved 1048576K
}

