<?xml version="1.0" encoding="UTF-8"?>
<testng-results ignored="0" total="12" passed="11" failed="1" skipped="0">
  <reporter-output>
  </reporter-output>
  <suite started-at="2021-11-23T15:45:46 UTC" name="CCPA" finished-at="2021-11-23T15:49:30 UTC" duration-ms="223477">
    <groups>
    </groups>
    <test started-at="2021-11-23T15:45:46 UTC" name="Regression" finished-at="2021-11-23T15:49:30 UTC" duration-ms="223477">
      <class name="ccpa.testcases.HomepageTestDPP">
        <test-method is-config="true" signature="setUp()[pri:0, instance:ccpa.testcases.HomepageTestDPP@273e7444]" started-at="2021-11-23T15:45:46 UTC" name="setUp" finished-at="2021-11-23T15:45:46 UTC" duration-ms="13" status="PASS">
          <reporter-output>
          </reporter-output>
        </test-method> <!-- setUp -->
        <test-method is-config="true" signature="startTest()[pri:0, instance:ccpa.testcases.HomepageTestDPP@273e7444]" started-at="2021-11-23T15:45:46 UTC" name="startTest" finished-at="2021-11-23T15:45:47 UTC" duration-ms="338" status="PASS">
          <reporter-output>
          </reporter-output>
        </test-method> <!-- startTest -->
        <test-method signature="LaunchUrl(java.lang.String,java.lang.String,java.lang.String,java.lang.String,java.lang.String,org.testng.ITestContext)[pri:1, instance:ccpa.testcases.HomepageTestDPP@273e7444]" started-at="2021-11-23T15:45:49 UTC" name="LaunchUrl" data-provider="geturls" finished-at="2021-11-23T15:46:07 UTC" duration-ms="18820" status="PASS">
          <params>
            <param index="0">
              <value>
                <![CDATA[aem.gene.com]]>
              </value>
            </param>
            <param index="1">
              <value>
                <![CDATA[]]>
              </value>
            </param>
            <param index="2">
              <value>
                <![CDATA[ON]]>
              </value>
            </param>
            <param index="3">
              <value>
                <![CDATA[URL1]]>
              </value>
            </param>
            <param index="4">
              <value>
                <![CDATA[true]]>
              </value>
            </param>
            <param index="5">
              <value>
                <![CDATA[org.testng.TestRunner@3af4e0bf]]>
              </value>
            </param>
          </params>
          <reporter-output>
          </reporter-output>
        </test-method> <!-- LaunchUrl -->
        <test-method is-config="true" signature="teardown(org.testng.ITestResult,org.testng.ITestContext)[pri:0, instance:ccpa.testcases.HomepageTestDPP@273e7444]" started-at="2021-11-23T15:46:07 UTC" name="teardown" finished-at="2021-11-23T15:46:07 UTC" duration-ms="98" status="PASS">
          <params>
            <param index="0">
              <value>
                <![CDATA[[TestResult name=aem.gene.com status=SUCCESS method=HomepageTestDPP.LaunchUrl(java.lang.String,java.lang.String,java.lang.String,java.lang.String,java.lang.String,org.testng.ITestContext)[pri:1, instance:ccpa.testcases.HomepageTestDPP@273e7444] output={null}]]]>
              </value>
            </param>
            <param index="1">
              <value>
                <![CDATA[org.testng.TestRunner@3af4e0bf]]>
              </value>
            </param>
          </params>
          <reporter-output>
          </reporter-output>
        </test-method> <!-- teardown -->
        <test-method signature="LaunchUrl(java.lang.String,java.lang.String,java.lang.String,java.lang.String,java.lang.String,org.testng.ITestContext)[pri:1, instance:ccpa.testcases.HomepageTestDPP@273e7444]" started-at="2021-11-23T15:46:07 UTC" name="LaunchUrl" data-provider="geturls" finished-at="2021-11-23T15:46:24 UTC" duration-ms="16665" status="PASS">
          <params>
            <param index="0">
              <value>
                <![CDATA[aem-legacy.gene.com]]>
              </value>
            </param>
            <param index="1">
              <value>
                <![CDATA[]]>
              </value>
            </param>
            <param index="2">
              <value>
                <![CDATA[ON]]>
              </value>
            </param>
            <param index="3">
              <value>
                <![CDATA[URL2]]>
              </value>
            </param>
            <param index="4">
              <value>
                <![CDATA[true]]>
              </value>
            </param>
            <param index="5">
              <value>
                <![CDATA[org.testng.TestRunner@3af4e0bf]]>
              </value>
            </param>
          </params>
          <reporter-output>
          </reporter-output>
        </test-method> <!-- LaunchUrl -->
        <test-method is-config="true" signature="teardown(org.testng.ITestResult,org.testng.ITestContext)[pri:0, instance:ccpa.testcases.HomepageTestDPP@273e7444]" started-at="2021-11-23T15:46:24 UTC" name="teardown" finished-at="2021-11-23T15:46:24 UTC" duration-ms="98" status="PASS">
          <params>
            <param index="0">
              <value>
                <![CDATA[[TestResult name=aem-legacy.gene.com status=SUCCESS method=HomepageTestDPP.LaunchUrl(java.lang.String,java.lang.String,java.lang.String,java.lang.String,java.lang.String,org.testng.ITestContext)[pri:1, instance:ccpa.testcases.HomepageTestDPP@273e7444] output={null}]]]>
              </value>
            </param>
            <param index="1">
              <value>
                <![CDATA[org.testng.TestRunner@3af4e0bf]]>
              </value>
            </param>
          </params>
          <reporter-output>
          </reporter-output>
        </test-method> <!-- teardown -->
        <test-method signature="LaunchUrl(java.lang.String,java.lang.String,java.lang.String,java.lang.String,java.lang.String,org.testng.ITestContext)[pri:1, instance:ccpa.testcases.HomepageTestDPP@273e7444]" started-at="2021-11-23T15:46:24 UTC" name="LaunchUrl" data-provider="geturls" finished-at="2021-11-23T15:46:41 UTC" duration-ms="16698" status="PASS">
          <params>
            <param index="0">
              <value>
                <![CDATA[https://www.actemrainfo.com/]]>
              </value>
            </param>
            <param index="1">
              <value>
                <![CDATA[]]>
              </value>
            </param>
            <param index="2">
              <value>
                <![CDATA[ON]]>
              </value>
            </param>
            <param index="3">
              <value>
                <![CDATA[URL6]]>
              </value>
            </param>
            <param index="4">
              <value>
                <![CDATA[true]]>
              </value>
            </param>
            <param index="5">
              <value>
                <![CDATA[org.testng.TestRunner@3af4e0bf]]>
              </value>
            </param>
          </params>
          <reporter-output>
          </reporter-output>
        </test-method> <!-- LaunchUrl -->
        <test-method is-config="true" signature="teardown(org.testng.ITestResult,org.testng.ITestContext)[pri:0, instance:ccpa.testcases.HomepageTestDPP@273e7444]" started-at="2021-11-23T15:46:41 UTC" name="teardown" finished-at="2021-11-23T15:46:41 UTC" duration-ms="154" status="PASS">
          <params>
            <param index="0">
              <value>
                <![CDATA[[TestResult name=https://www.actemrainfo.com/ status=SUCCESS method=HomepageTestDPP.LaunchUrl(java.lang.String,java.lang.String,java.lang.String,java.lang.String,java.lang.String,org.testng.ITestContext)[pri:1, instance:ccpa.testcases.HomepageTestDPP@273e7444] output={null}]]]>
              </value>
            </param>
            <param index="1">
              <value>
                <![CDATA[org.testng.TestRunner@3af4e0bf]]>
              </value>
            </param>
          </params>
          <reporter-output>
          </reporter-output>
        </test-method> <!-- teardown -->
        <test-method signature="LaunchUrl(java.lang.String,java.lang.String,java.lang.String,java.lang.String,java.lang.String,org.testng.ITestContext)[pri:1, instance:ccpa.testcases.HomepageTestDPP@273e7444]" started-at="2021-11-23T15:46:41 UTC" name="LaunchUrl" data-provider="geturls" finished-at="2021-11-23T15:47:00 UTC" duration-ms="19180" status="PASS">
          <params>
            <param index="0">
              <value>
                <![CDATA[www.emicizumabinfo.com]]>
              </value>
            </param>
            <param index="1">
              <value>
                <![CDATA[]]>
              </value>
            </param>
            <param index="2">
              <value>
                <![CDATA[ON]]>
              </value>
            </param>
            <param index="3">
              <value>
                <![CDATA[URL19]]>
              </value>
            </param>
            <param index="4">
              <value>
                <![CDATA[true]]>
              </value>
            </param>
            <param index="5">
              <value>
                <![CDATA[org.testng.TestRunner@3af4e0bf]]>
              </value>
            </param>
          </params>
          <reporter-output>
          </reporter-output>
        </test-method> <!-- LaunchUrl -->
        <test-method is-config="true" signature="teardown(org.testng.ITestResult,org.testng.ITestContext)[pri:0, instance:ccpa.testcases.HomepageTestDPP@273e7444]" started-at="2021-11-23T15:47:00 UTC" name="teardown" finished-at="2021-11-23T15:47:01 UTC" duration-ms="251" status="PASS">
          <params>
            <param index="0">
              <value>
                <![CDATA[[TestResult name=www.emicizumabinfo.com status=SUCCESS method=HomepageTestDPP.LaunchUrl(java.lang.String,java.lang.String,java.lang.String,java.lang.String,java.lang.String,org.testng.ITestContext)[pri:1, instance:ccpa.testcases.HomepageTestDPP@273e7444] output={null}]]]>
              </value>
            </param>
            <param index="1">
              <value>
                <![CDATA[org.testng.TestRunner@3af4e0bf]]>
              </value>
            </param>
          </params>
          <reporter-output>
          </reporter-output>
        </test-method> <!-- teardown -->
        <test-method signature="LaunchUrl(java.lang.String,java.lang.String,java.lang.String,java.lang.String,java.lang.String,org.testng.ITestContext)[pri:1, instance:ccpa.testcases.HomepageTestDPP@273e7444]" started-at="2021-11-23T15:47:01 UTC" name="LaunchUrl" data-provider="geturls" finished-at="2021-11-23T15:47:17 UTC" duration-ms="16612" status="PASS">
          <params>
            <param index="0">
              <value>
                <![CDATA[www.genentech-medicines.com]]>
              </value>
            </param>
            <param index="1">
              <value>
                <![CDATA[]]>
              </value>
            </param>
            <param index="2">
              <value>
                <![CDATA[ON]]>
              </value>
            </param>
            <param index="3">
              <value>
                <![CDATA[URL36]]>
              </value>
            </param>
            <param index="4">
              <value>
                <![CDATA[true]]>
              </value>
            </param>
            <param index="5">
              <value>
                <![CDATA[org.testng.TestRunner@3af4e0bf]]>
              </value>
            </param>
          </params>
          <reporter-output>
          </reporter-output>
        </test-method> <!-- LaunchUrl -->
        <test-method is-config="true" signature="teardown(org.testng.ITestResult,org.testng.ITestContext)[pri:0, instance:ccpa.testcases.HomepageTestDPP@273e7444]" started-at="2021-11-23T15:47:17 UTC" name="teardown" finished-at="2021-11-23T15:47:17 UTC" duration-ms="184" status="PASS">
          <params>
            <param index="0">
              <value>
                <![CDATA[[TestResult name=www.genentech-medicines.com status=SUCCESS method=HomepageTestDPP.LaunchUrl(java.lang.String,java.lang.String,java.lang.String,java.lang.String,java.lang.String,org.testng.ITestContext)[pri:1, instance:ccpa.testcases.HomepageTestDPP@273e7444] output={null}]]]>
              </value>
            </param>
            <param index="1">
              <value>
                <![CDATA[org.testng.TestRunner@3af4e0bf]]>
              </value>
            </param>
          </params>
          <reporter-output>
          </reporter-output>
        </test-method> <!-- teardown -->
        <test-method signature="LaunchUrl(java.lang.String,java.lang.String,java.lang.String,java.lang.String,java.lang.String,org.testng.ITestContext)[pri:1, instance:ccpa.testcases.HomepageTestDPP@273e7444]" started-at="2021-11-23T15:47:17 UTC" name="LaunchUrl" data-provider="geturls" finished-at="2021-11-23T15:47:29 UTC" duration-ms="11759" status="PASS">
          <params>
            <param index="0">
              <value>
                <![CDATA[www.hemlibra-hcp.com]]>
              </value>
            </param>
            <param index="1">
              <value>
                <![CDATA[]]>
              </value>
            </param>
            <param index="2">
              <value>
                <![CDATA[ON]]>
              </value>
            </param>
            <param index="3">
              <value>
                <![CDATA[URL41]]>
              </value>
            </param>
            <param index="4">
              <value>
                <![CDATA[true]]>
              </value>
            </param>
            <param index="5">
              <value>
                <![CDATA[org.testng.TestRunner@3af4e0bf]]>
              </value>
            </param>
          </params>
          <reporter-output>
          </reporter-output>
        </test-method> <!-- LaunchUrl -->
        <test-method is-config="true" signature="teardown(org.testng.ITestResult,org.testng.ITestContext)[pri:0, instance:ccpa.testcases.HomepageTestDPP@273e7444]" started-at="2021-11-23T15:47:29 UTC" name="teardown" finished-at="2021-11-23T15:47:29 UTC" duration-ms="174" status="PASS">
          <params>
            <param index="0">
              <value>
                <![CDATA[[TestResult name=www.hemlibra-hcp.com status=SUCCESS method=HomepageTestDPP.LaunchUrl(java.lang.String,java.lang.String,java.lang.String,java.lang.String,java.lang.String,org.testng.ITestContext)[pri:1, instance:ccpa.testcases.HomepageTestDPP@273e7444] output={null}]]]>
              </value>
            </param>
            <param index="1">
              <value>
                <![CDATA[org.testng.TestRunner@3af4e0bf]]>
              </value>
            </param>
          </params>
          <reporter-output>
          </reporter-output>
        </test-method> <!-- teardown -->
        <test-method signature="LaunchUrl(java.lang.String,java.lang.String,java.lang.String,java.lang.String,java.lang.String,org.testng.ITestContext)[pri:1, instance:ccpa.testcases.HomepageTestDPP@273e7444]" started-at="2021-11-23T15:47:29 UTC" name="LaunchUrl" data-provider="geturls" finished-at="2021-11-23T15:47:49 UTC" duration-ms="19412" status="FAIL">
          <params>
            <param index="0">
              <value>
                <![CDATA[www.her2treatment.com]]>
              </value>
            </param>
            <param index="1">
              <value>
                <![CDATA[]]>
              </value>
            </param>
            <param index="2">
              <value>
                <![CDATA[ON]]>
              </value>
            </param>
            <param index="3">
              <value>
                <![CDATA[URL42]]>
              </value>
            </param>
            <param index="4">
              <value>
                <![CDATA[true]]>
              </value>
            </param>
            <param index="5">
              <value>
                <![CDATA[org.testng.TestRunner@3af4e0bf]]>
              </value>
            </param>
          </params>
          <exception class="java.lang.AssertionError">
            <message>
              <![CDATA[expected [true] but found [false]]]>
            </message>
            <full-stacktrace>
              <![CDATA[java.lang.AssertionError: expected [true] but found [false]
at org.testng.Assert.fail(Assert.java:99)
at org.testng.Assert.failNotEquals(Assert.java:1037)
at org.testng.Assert.assertEqualsImpl(Assert.java:140)
at org.testng.Assert.assertEquals(Assert.java:122)
at org.testng.Assert.assertEquals(Assert.java:819)
at org.testng.Assert.assertEquals(Assert.java:829)
at ccpa.testcases.HomepageTestDPP.LaunchUrl(HomepageTestDPP.java:140)
at java.base/jdk.internal.reflect.NativeMethodAccessorImpl.invoke0(Native Method)
at java.base/jdk.internal.reflect.NativeMethodAccessorImpl.invoke(NativeMethodAccessorImpl.java:77)
at java.base/jdk.internal.reflect.DelegatingMethodAccessorImpl.invoke(DelegatingMethodAccessorImpl.java:43)
at java.base/java.lang.reflect.Method.invoke(Method.java:568)
at org.testng.internal.MethodInvocationHelper.invokeMethod(MethodInvocationHelper.java:133)
at org.testng.internal.TestInvoker.invokeMethod(TestInvoker.java:598)
at org.testng.internal.TestInvoker.invokeTestMethod(TestInvoker.java:173)
at org.testng.internal.MethodRunner.runInSequence(MethodRunner.java:46)
at org.testng.internal.TestInvoker$MethodInvocationAgent.invoke(TestInvoker.java:824)
at org.testng.internal.TestInvoker.invokeTestMethods(TestInvoker.java:146)
at org.testng.internal.TestMethodWorker.invokeTestMethods(TestMethodWorker.java:146)
at org.testng.internal.TestMethodWorker.run(TestMethodWorker.java:128)
at java.base/java.util.ArrayList.forEach(ArrayList.java:1511)
at org.testng.TestRunner.privateRun(TestRunner.java:794)
at org.testng.TestRunner.run(TestRunner.java:596)
at org.testng.SuiteRunner.runTest(SuiteRunner.java:377)
at org.testng.SuiteRunner.runSequentially(SuiteRunner.java:371)
at org.testng.SuiteRunner.privateRun(SuiteRunner.java:332)
at org.testng.SuiteRunner.run(SuiteRunner.java:276)
at org.testng.SuiteRunnerWorker.runSuite(SuiteRunnerWorker.java:53)
at org.testng.SuiteRunnerWorker.run(SuiteRunnerWorker.java:96)
at org.testng.TestNG.runSuitesSequentially(TestNG.java:1212)
at org.testng.TestNG.runSuitesLocally(TestNG.java:1134)
at org.testng.TestNG.runSuites(TestNG.java:1063)
at org.testng.TestNG.run(TestNG.java:1031)
at org.testng.remote.AbstractRemoteTestNG.run(AbstractRemoteTestNG.java:115)
at org.testng.remote.RemoteTestNG.initAndRun(RemoteTestNG.java:251)
at org.testng.remote.RemoteTestNG.main(RemoteTestNG.java:77)
]]>
            </full-stacktrace>
          </exception> <!-- java.lang.AssertionError -->
          <reporter-output>
          </reporter-output>
        </test-method> <!-- LaunchUrl -->
        <test-method is-config="true" signature="teardown(org.testng.ITestResult,org.testng.ITestContext)[pri:0, instance:ccpa.testcases.HomepageTestDPP@273e7444]" started-at="2021-11-23T15:47:49 UTC" name="teardown" finished-at="2021-11-23T15:47:49 UTC" duration-ms="234" status="PASS">
          <params>
            <param index="0">
              <value>
                <![CDATA[[TestResult name=www.her2treatment.com status=FAILURE method=HomepageTestDPP.LaunchUrl(java.lang.String,java.lang.String,java.lang.String,java.lang.String,java.lang.String,org.testng.ITestContext)[pri:1, instance:ccpa.testcases.HomepageTestDPP@273e7444] output={null}]]]>
              </value>
            </param>
            <param index="1">
              <value>
                <![CDATA[org.testng.TestRunner@3af4e0bf]]>
              </value>
            </param>
          </params>
          <reporter-output>
          </reporter-output>
        </test-method> <!-- teardown -->
        <test-method signature="LaunchUrl(java.lang.String,java.lang.String,java.lang.String,java.lang.String,java.lang.String,org.testng.ITestContext)[pri:1, instance:ccpa.testcases.HomepageTestDPP@273e7444]" started-at="2021-11-23T15:47:49 UTC" name="LaunchUrl" data-provider="geturls" finished-at="2021-11-23T15:48:06 UTC" duration-ms="16647" status="PASS">
          <params>
            <param index="0">
              <value>
                <![CDATA[www.mytactictrial.com]]>
              </value>
            </param>
            <param index="1">
              <value>
                <![CDATA[]]>
              </value>
            </param>
            <param index="2">
              <value>
                <![CDATA[ON]]>
              </value>
            </param>
            <param index="3">
              <value>
                <![CDATA[URL53]]>
              </value>
            </param>
            <param index="4">
              <value>
                <![CDATA[true]]>
              </value>
            </param>
            <param index="5">
              <value>
                <![CDATA[org.testng.TestRunner@3af4e0bf]]>
              </value>
            </param>
          </params>
          <reporter-output>
          </reporter-output>
        </test-method> <!-- LaunchUrl -->
        <test-method is-config="true" signature="teardown(org.testng.ITestResult,org.testng.ITestContext)[pri:0, instance:ccpa.testcases.HomepageTestDPP@273e7444]" started-at="2021-11-23T15:48:06 UTC" name="teardown" finished-at="2021-11-23T15:48:06 UTC" duration-ms="170" status="PASS">
          <params>
            <param index="0">
              <value>
                <![CDATA[[TestResult name=www.mytactictrial.com status=SUCCESS method=HomepageTestDPP.LaunchUrl(java.lang.String,java.lang.String,java.lang.String,java.lang.String,java.lang.String,org.testng.ITestContext)[pri:1, instance:ccpa.testcases.HomepageTestDPP@273e7444] output={null}]]]>
              </value>
            </param>
            <param index="1">
              <value>
                <![CDATA[org.testng.TestRunner@3af4e0bf]]>
              </value>
            </param>
          </params>
          <reporter-output>
          </reporter-output>
        </test-method> <!-- teardown -->
        <test-method signature="LaunchUrl(java.lang.String,java.lang.String,java.lang.String,java.lang.String,java.lang.String,org.testng.ITestContext)[pri:1, instance:ccpa.testcases.HomepageTestDPP@273e7444]" started-at="2021-11-23T15:48:06 UTC" name="LaunchUrl" data-provider="geturls" finished-at="2021-11-23T15:48:23 UTC" duration-ms="16932" status="PASS">
          <params>
            <param index="0">
              <value>
                <![CDATA[www.researchakt.com]]>
              </value>
            </param>
            <param index="1">
              <value>
                <![CDATA[]]>
              </value>
            </param>
            <param index="2">
              <value>
                <![CDATA[ON]]>
              </value>
            </param>
            <param index="3">
              <value>
                <![CDATA[URL65]]>
              </value>
            </param>
            <param index="4">
              <value>
                <![CDATA[true]]>
              </value>
            </param>
            <param index="5">
              <value>
                <![CDATA[org.testng.TestRunner@3af4e0bf]]>
              </value>
            </param>
          </params>
          <reporter-output>
          </reporter-output>
        </test-method> <!-- LaunchUrl -->
        <test-method is-config="true" signature="teardown(org.testng.ITestResult,org.testng.ITestContext)[pri:0, instance:ccpa.testcases.HomepageTestDPP@273e7444]" started-at="2021-11-23T15:48:23 UTC" name="teardown" finished-at="2021-11-23T15:48:23 UTC" duration-ms="218" status="PASS">
          <params>
            <param index="0">
              <value>
                <![CDATA[[TestResult name=www.researchakt.com status=SUCCESS method=HomepageTestDPP.LaunchUrl(java.lang.String,java.lang.String,java.lang.String,java.lang.String,java.lang.String,org.testng.ITestContext)[pri:1, instance:ccpa.testcases.HomepageTestDPP@273e7444] output={null}]]]>
              </value>
            </param>
            <param index="1">
              <value>
                <![CDATA[org.testng.TestRunner@3af4e0bf]]>
              </value>
            </param>
          </params>
          <reporter-output>
          </reporter-output>
        </test-method> <!-- teardown -->
        <test-method signature="LaunchUrl(java.lang.String,java.lang.String,java.lang.String,java.lang.String,java.lang.String,org.testng.ITestContext)[pri:1, instance:ccpa.testcases.HomepageTestDPP@273e7444]" started-at="2021-11-23T15:48:23 UTC" name="LaunchUrl" data-provider="geturls" finished-at="2021-11-23T15:48:40 UTC" duration-ms="16849" status="PASS">
          <params>
            <param index="0">
              <value>
                <![CDATA[www.vabysmo.com]]>
              </value>
            </param>
            <param index="1">
              <value>
                <![CDATA[]]>
              </value>
            </param>
            <param index="2">
              <value>
                <![CDATA[ON]]>
              </value>
            </param>
            <param index="3">
              <value>
                <![CDATA[URL85]]>
              </value>
            </param>
            <param index="4">
              <value>
                <![CDATA[true]]>
              </value>
            </param>
            <param index="5">
              <value>
                <![CDATA[org.testng.TestRunner@3af4e0bf]]>
              </value>
            </param>
          </params>
          <reporter-output>
          </reporter-output>
        </test-method> <!-- LaunchUrl -->
        <test-method is-config="true" signature="teardown(org.testng.ITestResult,org.testng.ITestContext)[pri:0, instance:ccpa.testcases.HomepageTestDPP@273e7444]" started-at="2021-11-23T15:48:40 UTC" name="teardown" finished-at="2021-11-23T15:48:40 UTC" duration-ms="97" status="PASS">
          <params>
            <param index="0">
              <value>
                <![CDATA[[TestResult name=www.vabysmo.com status=SUCCESS method=HomepageTestDPP.LaunchUrl(java.lang.String,java.lang.String,java.lang.String,java.lang.String,java.lang.String,org.testng.ITestContext)[pri:1, instance:ccpa.testcases.HomepageTestDPP@273e7444] output={null}]]]>
              </value>
            </param>
            <param index="1">
              <value>
                <![CDATA[org.testng.TestRunner@3af4e0bf]]>
              </value>
            </param>
          </params>
          <reporter-output>
          </reporter-output>
        </test-method> <!-- teardown -->
        <test-method signature="LaunchUrl(java.lang.String,java.lang.String,java.lang.String,java.lang.String,java.lang.String,org.testng.ITestContext)[pri:1, instance:ccpa.testcases.HomepageTestDPP@273e7444]" started-at="2021-11-23T15:48:40 UTC" name="LaunchUrl" data-provider="geturls" finished-at="2021-11-23T15:48:57 UTC" duration-ms="16809" status="PASS">
          <params>
            <param index="0">
              <value>
                <![CDATA[www.vabysmo-hcp.com]]>
              </value>
            </param>
            <param index="1">
              <value>
                <![CDATA[]]>
              </value>
            </param>
            <param index="2">
              <value>
                <![CDATA[ON]]>
              </value>
            </param>
            <param index="3">
              <value>
                <![CDATA[URL86]]>
              </value>
            </param>
            <param index="4">
              <value>
                <![CDATA[true]]>
              </value>
            </param>
            <param index="5">
              <value>
                <![CDATA[org.testng.TestRunner@3af4e0bf]]>
              </value>
            </param>
          </params>
          <reporter-output>
          </reporter-output>
        </test-method> <!-- LaunchUrl -->
        <test-method is-config="true" signature="teardown(org.testng.ITestResult,org.testng.ITestContext)[pri:0, instance:ccpa.testcases.HomepageTestDPP@273e7444]" started-at="2021-11-23T15:48:57 UTC" name="teardown" finished-at="2021-11-23T15:48:57 UTC" duration-ms="169" status="PASS">
          <params>
            <param index="0">
              <value>
                <![CDATA[[TestResult name=www.vabysmo-hcp.com status=SUCCESS method=HomepageTestDPP.LaunchUrl(java.lang.String,java.lang.String,java.lang.String,java.lang.String,java.lang.String,org.testng.ITestContext)[pri:1, instance:ccpa.testcases.HomepageTestDPP@273e7444] output={null}]]]>
              </value>
            </param>
            <param index="1">
              <value>
                <![CDATA[org.testng.TestRunner@3af4e0bf]]>
              </value>
            </param>
          </params>
          <reporter-output>
          </reporter-output>
        </test-method> <!-- teardown -->
        <test-method signature="LaunchUrl(java.lang.String,java.lang.String,java.lang.String,java.lang.String,java.lang.String,org.testng.ITestContext)[pri:1, instance:ccpa.testcases.HomepageTestDPP@273e7444]" started-at="2021-11-23T15:48:57 UTC" name="LaunchUrl" data-provider="geturls" finished-at="2021-11-23T15:49:29 UTC" duration-ms="32232" status="PASS">
          <params>
            <param index="0">
              <value>
                <![CDATA[www.venclextahcp.com]]>
              </value>
            </param>
            <param index="1">
              <value>
                <![CDATA[]]>
              </value>
            </param>
            <param index="2">
              <value>
                <![CDATA[ON]]>
              </value>
            </param>
            <param index="3">
              <value>
                <![CDATA[URL87]]>
              </value>
            </param>
            <param index="4">
              <value>
                <![CDATA[true]]>
              </value>
            </param>
            <param index="5">
              <value>
                <![CDATA[org.testng.TestRunner@3af4e0bf]]>
              </value>
            </param>
          </params>
          <reporter-output>
          </reporter-output>
        </test-method> <!-- LaunchUrl -->
        <test-method is-config="true" signature="teardown(org.testng.ITestResult,org.testng.ITestContext)[pri:0, instance:ccpa.testcases.HomepageTestDPP@273e7444]" started-at="2021-11-23T15:49:29 UTC" name="teardown" finished-at="2021-11-23T15:49:29 UTC" duration-ms="138" status="PASS">
          <params>
            <param index="0">
              <value>
                <![CDATA[[TestResult name=www.venclextahcp.com status=SUCCESS method=HomepageTestDPP.LaunchUrl(java.lang.String,java.lang.String,java.lang.String,java.lang.String,java.lang.String,org.testng.ITestContext)[pri:1, instance:ccpa.testcases.HomepageTestDPP@273e7444] output={null}]]]>
              </value>
            </param>
            <param index="1">
              <value>
                <![CDATA[org.testng.TestRunner@3af4e0bf]]>
              </value>
            </param>
          </params>
          <reporter-output>
          </reporter-output>
        </test-method> <!-- teardown -->
        <test-method is-config="true" signature="endTest()[pri:0, instance:ccpa.testcases.HomepageTestDPP@273e7444]" started-at="2021-11-23T15:49:29 UTC" name="endTest" finished-at="2021-11-23T15:49:30 UTC" duration-ms="478" status="PASS">
          <reporter-output>
          </reporter-output>
        </test-method> <!-- endTest -->
        <test-method is-config="true" signature="teardown()[pri:0, instance:ccpa.testcases.HomepageTestDPP@273e7444]" started-at="2021-11-23T15:49:30 UTC" name="teardown" finished-at="2021-11-23T15:49:30 UTC" duration-ms="1" status="PASS">
          <reporter-output>
          </reporter-output>
        </test-method> <!-- teardown -->
      </class> <!-- ccpa.testcases.HomepageTestDPP -->
    </test> <!-- Regression -->
  </suite> <!-- CCPA -->
</testng-results>
