<?xml version="1.0" encoding="UTF-8"?>
<testng-results ignored="0" total="89" passed="87" failed="2" skipped="0">
  <reporter-output>
  </reporter-output>
  <suite started-at="2021-11-15T16:35:47 UTC" name="CCPA" finished-at="2021-11-15T16:58:55 UTC" duration-ms="1388037">
    <groups>
    </groups>
    <test started-at="2021-11-15T16:35:47 UTC" name="Regression" finished-at="2021-11-15T16:58:55 UTC" duration-ms="1388037">
      <class name="ccpa.testcases.HomepageTestDP">
        <test-method is-config="true" signature="setUp()[pri:0, instance:ccpa.testcases.HomepageTestDP@59505b48]" started-at="2021-11-15T16:35:47 UTC" name="setUp" finished-at="2021-11-15T16:35:47 UTC" duration-ms="15" status="PASS">
          <reporter-output>
          </reporter-output>
        </test-method> <!-- setUp -->
        <test-method is-config="true" signature="startTest()[pri:0, instance:ccpa.testcases.HomepageTestDP@59505b48]" started-at="2021-11-15T16:35:47 UTC" name="startTest" finished-at="2021-11-15T16:35:47 UTC" duration-ms="353" status="PASS">
          <reporter-output>
          </reporter-output>
        </test-method> <!-- startTest -->
        <test-method signature="LaunchUrl(java.lang.String,java.lang.String,java.lang.String,java.lang.String,java.lang.String,org.testng.ITestContext)[pri:1, instance:ccpa.testcases.HomepageTestDP@59505b48]" started-at="2021-11-15T16:35:49 UTC" name="LaunchUrl" data-provider="geturls" finished-at="2021-11-15T16:36:04 UTC" duration-ms="15222" status="PASS">
          <params>
            <param index="0">
              <value>
                <![CDATA[https://www.perjeta.com/]]>
              </value>
            </param>
            <param index="1">
              <value>
                <![CDATA[HER2+ Breast Cancer Treatment | PERJETA® (pertuzumab)]]>
              </value>
            </param>
            <param index="2">
              <value>
                <![CDATA[ON]]>
              </value>
            </param>
            <param index="3">
              <value>
                <![CDATA[URL3]]>
              </value>
            </param>
            <param index="4">
              <value>
                <![CDATA[true]]>
              </value>
            </param>
            <param index="5">
              <value>
                <![CDATA[org.testng.TestRunner@56102e1c]]>
              </value>
            </param>
          </params>
          <reporter-output>
          </reporter-output>
        </test-method> <!-- LaunchUrl -->
        <test-method is-config="true" signature="teardown(org.testng.ITestResult,org.testng.ITestContext)[pri:0, instance:ccpa.testcases.HomepageTestDP@59505b48]" started-at="2021-11-15T16:36:04 UTC" name="teardown" finished-at="2021-11-15T16:36:06 UTC" duration-ms="2259" status="PASS">
          <params>
            <param index="0">
              <value>
                <![CDATA[[TestResult name=https://www.perjeta.com/ status=SUCCESS method=HomepageTestDP.LaunchUrl(java.lang.String,java.lang.String,java.lang.String,java.lang.String,java.lang.String,org.testng.ITestContext)[pri:1, instance:ccpa.testcases.HomepageTestDP@59505b48] output={null}]]]>
              </value>
            </param>
            <param index="1">
              <value>
                <![CDATA[org.testng.TestRunner@56102e1c]]>
              </value>
            </param>
          </params>
          <reporter-output>
          </reporter-output>
        </test-method> <!-- teardown -->
        <test-method signature="LaunchUrl(java.lang.String,java.lang.String,java.lang.String,java.lang.String,java.lang.String,org.testng.ITestContext)[pri:1, instance:ccpa.testcases.HomepageTestDP@59505b48]" started-at="2021-11-15T16:36:06 UTC" name="LaunchUrl" data-provider="geturls" finished-at="2021-11-15T16:36:20 UTC" duration-ms="13628" status="PASS">
          <params>
            <param index="0">
              <value>
                <![CDATA[https://www.actemra.com/]]>
              </value>
            </param>
            <param index="1">
              <value>
                <![CDATA[]]>
              </value>
            </param>
            <param index="2">
              <value>
                <![CDATA[ON]]>
              </value>
            </param>
            <param index="3">
              <value>
                <![CDATA[URL4]]>
              </value>
            </param>
            <param index="4">
              <value>
                <![CDATA[true]]>
              </value>
            </param>
            <param index="5">
              <value>
                <![CDATA[org.testng.TestRunner@56102e1c]]>
              </value>
            </param>
          </params>
          <reporter-output>
          </reporter-output>
        </test-method> <!-- LaunchUrl -->
        <test-method is-config="true" signature="teardown(org.testng.ITestResult,org.testng.ITestContext)[pri:0, instance:ccpa.testcases.HomepageTestDP@59505b48]" started-at="2021-11-15T16:36:20 UTC" name="teardown" finished-at="2021-11-15T16:36:20 UTC" duration-ms="374" status="PASS">
          <params>
            <param index="0">
              <value>
                <![CDATA[[TestResult name=https://www.actemra.com/ status=SUCCESS method=HomepageTestDP.LaunchUrl(java.lang.String,java.lang.String,java.lang.String,java.lang.String,java.lang.String,org.testng.ITestContext)[pri:1, instance:ccpa.testcases.HomepageTestDP@59505b48] output={null}]]]>
              </value>
            </param>
            <param index="1">
              <value>
                <![CDATA[org.testng.TestRunner@56102e1c]]>
              </value>
            </param>
          </params>
          <reporter-output>
          </reporter-output>
        </test-method> <!-- teardown -->
        <test-method signature="LaunchUrl(java.lang.String,java.lang.String,java.lang.String,java.lang.String,java.lang.String,org.testng.ITestContext)[pri:1, instance:ccpa.testcases.HomepageTestDP@59505b48]" started-at="2021-11-15T16:36:20 UTC" name="LaunchUrl" data-provider="geturls" finished-at="2021-11-15T16:36:34 UTC" duration-ms="13658" status="PASS">
          <params>
            <param index="0">
              <value>
                <![CDATA[https://www.actemrahcp.com/]]>
              </value>
            </param>
            <param index="1">
              <value>
                <![CDATA[]]>
              </value>
            </param>
            <param index="2">
              <value>
                <![CDATA[ON]]>
              </value>
            </param>
            <param index="3">
              <value>
                <![CDATA[URL5]]>
              </value>
            </param>
            <param index="4">
              <value>
                <![CDATA[true]]>
              </value>
            </param>
            <param index="5">
              <value>
                <![CDATA[org.testng.TestRunner@56102e1c]]>
              </value>
            </param>
          </params>
          <reporter-output>
          </reporter-output>
        </test-method> <!-- LaunchUrl -->
        <test-method is-config="true" signature="teardown(org.testng.ITestResult,org.testng.ITestContext)[pri:0, instance:ccpa.testcases.HomepageTestDP@59505b48]" started-at="2021-11-15T16:36:34 UTC" name="teardown" finished-at="2021-11-15T16:36:36 UTC" duration-ms="2285" status="PASS">
          <params>
            <param index="0">
              <value>
                <![CDATA[[TestResult name=https://www.actemrahcp.com/ status=SUCCESS method=HomepageTestDP.LaunchUrl(java.lang.String,java.lang.String,java.lang.String,java.lang.String,java.lang.String,org.testng.ITestContext)[pri:1, instance:ccpa.testcases.HomepageTestDP@59505b48] output={null}]]]>
              </value>
            </param>
            <param index="1">
              <value>
                <![CDATA[org.testng.TestRunner@56102e1c]]>
              </value>
            </param>
          </params>
          <reporter-output>
          </reporter-output>
        </test-method> <!-- teardown -->
        <test-method signature="LaunchUrl(java.lang.String,java.lang.String,java.lang.String,java.lang.String,java.lang.String,org.testng.ITestContext)[pri:1, instance:ccpa.testcases.HomepageTestDP@59505b48]" started-at="2021-11-15T16:36:36 UTC" name="LaunchUrl" data-provider="geturls" finished-at="2021-11-15T16:36:53 UTC" duration-ms="16970" status="PASS">
          <params>
            <param index="0">
              <value>
                <![CDATA[https://www.actemrainfo.com/]]>
              </value>
            </param>
            <param index="1">
              <value>
                <![CDATA[]]>
              </value>
            </param>
            <param index="2">
              <value>
                <![CDATA[ON]]>
              </value>
            </param>
            <param index="3">
              <value>
                <![CDATA[URL6]]>
              </value>
            </param>
            <param index="4">
              <value>
                <![CDATA[true]]>
              </value>
            </param>
            <param index="5">
              <value>
                <![CDATA[org.testng.TestRunner@56102e1c]]>
              </value>
            </param>
          </params>
          <reporter-output>
          </reporter-output>
        </test-method> <!-- LaunchUrl -->
        <test-method is-config="true" signature="teardown(org.testng.ITestResult,org.testng.ITestContext)[pri:0, instance:ccpa.testcases.HomepageTestDP@59505b48]" started-at="2021-11-15T16:36:53 UTC" name="teardown" finished-at="2021-11-15T16:36:54 UTC" duration-ms="365" status="PASS">
          <params>
            <param index="0">
              <value>
                <![CDATA[[TestResult name=https://www.actemrainfo.com/ status=SUCCESS method=HomepageTestDP.LaunchUrl(java.lang.String,java.lang.String,java.lang.String,java.lang.String,java.lang.String,org.testng.ITestContext)[pri:1, instance:ccpa.testcases.HomepageTestDP@59505b48] output={null}]]]>
              </value>
            </param>
            <param index="1">
              <value>
                <![CDATA[org.testng.TestRunner@56102e1c]]>
              </value>
            </param>
          </params>
          <reporter-output>
          </reporter-output>
        </test-method> <!-- teardown -->
        <test-method signature="LaunchUrl(java.lang.String,java.lang.String,java.lang.String,java.lang.String,java.lang.String,org.testng.ITestContext)[pri:1, instance:ccpa.testcases.HomepageTestDP@59505b48]" started-at="2021-11-15T16:36:54 UTC" name="LaunchUrl" data-provider="geturls" finished-at="2021-11-15T16:37:09 UTC" duration-ms="15666" status="PASS">
          <params>
            <param index="0">
              <value>
                <![CDATA[www.activase.com]]>
              </value>
            </param>
            <param index="1">
              <value>
                <![CDATA[]]>
              </value>
            </param>
            <param index="2">
              <value>
                <![CDATA[ON]]>
              </value>
            </param>
            <param index="3">
              <value>
                <![CDATA[URL7]]>
              </value>
            </param>
            <param index="4">
              <value>
                <![CDATA[true]]>
              </value>
            </param>
            <param index="5">
              <value>
                <![CDATA[org.testng.TestRunner@56102e1c]]>
              </value>
            </param>
          </params>
          <reporter-output>
          </reporter-output>
        </test-method> <!-- LaunchUrl -->
        <test-method is-config="true" signature="teardown(org.testng.ITestResult,org.testng.ITestContext)[pri:0, instance:ccpa.testcases.HomepageTestDP@59505b48]" started-at="2021-11-15T16:37:09 UTC" name="teardown" finished-at="2021-11-15T16:37:12 UTC" duration-ms="2387" status="PASS">
          <params>
            <param index="0">
              <value>
                <![CDATA[[TestResult name=www.activase.com status=SUCCESS method=HomepageTestDP.LaunchUrl(java.lang.String,java.lang.String,java.lang.String,java.lang.String,java.lang.String,org.testng.ITestContext)[pri:1, instance:ccpa.testcases.HomepageTestDP@59505b48] output={null}]]]>
              </value>
            </param>
            <param index="1">
              <value>
                <![CDATA[org.testng.TestRunner@56102e1c]]>
              </value>
            </param>
          </params>
          <reporter-output>
          </reporter-output>
        </test-method> <!-- teardown -->
        <test-method signature="LaunchUrl(java.lang.String,java.lang.String,java.lang.String,java.lang.String,java.lang.String,org.testng.ITestContext)[pri:1, instance:ccpa.testcases.HomepageTestDP@59505b48]" started-at="2021-11-15T16:37:12 UTC" name="LaunchUrl" data-provider="geturls" finished-at="2021-11-15T16:37:27 UTC" duration-ms="14948" status="PASS">
          <params>
            <param index="0">
              <value>
                <![CDATA[www.againstlivercancer.com]]>
              </value>
            </param>
            <param index="1">
              <value>
                <![CDATA[]]>
              </value>
            </param>
            <param index="2">
              <value>
                <![CDATA[ON]]>
              </value>
            </param>
            <param index="3">
              <value>
                <![CDATA[URL8]]>
              </value>
            </param>
            <param index="4">
              <value>
                <![CDATA[true]]>
              </value>
            </param>
            <param index="5">
              <value>
                <![CDATA[org.testng.TestRunner@56102e1c]]>
              </value>
            </param>
          </params>
          <reporter-output>
          </reporter-output>
        </test-method> <!-- LaunchUrl -->
        <test-method is-config="true" signature="teardown(org.testng.ITestResult,org.testng.ITestContext)[pri:0, instance:ccpa.testcases.HomepageTestDP@59505b48]" started-at="2021-11-15T16:37:27 UTC" name="teardown" finished-at="2021-11-15T16:37:27 UTC" duration-ms="330" status="PASS">
          <params>
            <param index="0">
              <value>
                <![CDATA[[TestResult name=www.againstlivercancer.com status=SUCCESS method=HomepageTestDP.LaunchUrl(java.lang.String,java.lang.String,java.lang.String,java.lang.String,java.lang.String,org.testng.ITestContext)[pri:1, instance:ccpa.testcases.HomepageTestDP@59505b48] output={null}]]]>
              </value>
            </param>
            <param index="1">
              <value>
                <![CDATA[org.testng.TestRunner@56102e1c]]>
              </value>
            </param>
          </params>
          <reporter-output>
          </reporter-output>
        </test-method> <!-- teardown -->
        <test-method signature="LaunchUrl(java.lang.String,java.lang.String,java.lang.String,java.lang.String,java.lang.String,org.testng.ITestContext)[pri:1, instance:ccpa.testcases.HomepageTestDP@59505b48]" started-at="2021-11-15T16:37:27 UTC" name="LaunchUrl" data-provider="geturls" finished-at="2021-11-15T16:37:46 UTC" duration-ms="18551" status="PASS">
          <params>
            <param index="0">
              <value>
                <![CDATA[www.alecensa.com]]>
              </value>
            </param>
            <param index="1">
              <value>
                <![CDATA[]]>
              </value>
            </param>
            <param index="2">
              <value>
                <![CDATA[ON]]>
              </value>
            </param>
            <param index="3">
              <value>
                <![CDATA[URL9]]>
              </value>
            </param>
            <param index="4">
              <value>
                <![CDATA[true]]>
              </value>
            </param>
            <param index="5">
              <value>
                <![CDATA[org.testng.TestRunner@56102e1c]]>
              </value>
            </param>
          </params>
          <reporter-output>
          </reporter-output>
        </test-method> <!-- LaunchUrl -->
        <test-method is-config="true" signature="teardown(org.testng.ITestResult,org.testng.ITestContext)[pri:0, instance:ccpa.testcases.HomepageTestDP@59505b48]" started-at="2021-11-15T16:37:46 UTC" name="teardown" finished-at="2021-11-15T16:37:46 UTC" duration-ms="463" status="PASS">
          <params>
            <param index="0">
              <value>
                <![CDATA[[TestResult name=www.alecensa.com status=SUCCESS method=HomepageTestDP.LaunchUrl(java.lang.String,java.lang.String,java.lang.String,java.lang.String,java.lang.String,org.testng.ITestContext)[pri:1, instance:ccpa.testcases.HomepageTestDP@59505b48] output={null}]]]>
              </value>
            </param>
            <param index="1">
              <value>
                <![CDATA[org.testng.TestRunner@56102e1c]]>
              </value>
            </param>
          </params>
          <reporter-output>
          </reporter-output>
        </test-method> <!-- teardown -->
        <test-method signature="LaunchUrl(java.lang.String,java.lang.String,java.lang.String,java.lang.String,java.lang.String,org.testng.ITestContext)[pri:1, instance:ccpa.testcases.HomepageTestDP@59505b48]" started-at="2021-11-15T16:37:46 UTC" name="LaunchUrl" data-provider="geturls" finished-at="2021-11-15T16:38:00 UTC" duration-ms="13494" status="PASS">
          <params>
            <param index="0">
              <value>
                <![CDATA[www.avastin.com]]>
              </value>
            </param>
            <param index="1">
              <value>
                <![CDATA[]]>
              </value>
            </param>
            <param index="2">
              <value>
                <![CDATA[ON]]>
              </value>
            </param>
            <param index="3">
              <value>
                <![CDATA[URL10]]>
              </value>
            </param>
            <param index="4">
              <value>
                <![CDATA[true]]>
              </value>
            </param>
            <param index="5">
              <value>
                <![CDATA[org.testng.TestRunner@56102e1c]]>
              </value>
            </param>
          </params>
          <reporter-output>
          </reporter-output>
        </test-method> <!-- LaunchUrl -->
        <test-method is-config="true" signature="teardown(org.testng.ITestResult,org.testng.ITestContext)[pri:0, instance:ccpa.testcases.HomepageTestDP@59505b48]" started-at="2021-11-15T16:38:00 UTC" name="teardown" finished-at="2021-11-15T16:38:02 UTC" duration-ms="2226" status="PASS">
          <params>
            <param index="0">
              <value>
                <![CDATA[[TestResult name=www.avastin.com status=SUCCESS method=HomepageTestDP.LaunchUrl(java.lang.String,java.lang.String,java.lang.String,java.lang.String,java.lang.String,org.testng.ITestContext)[pri:1, instance:ccpa.testcases.HomepageTestDP@59505b48] output={null}]]]>
              </value>
            </param>
            <param index="1">
              <value>
                <![CDATA[org.testng.TestRunner@56102e1c]]>
              </value>
            </param>
          </params>
          <reporter-output>
          </reporter-output>
        </test-method> <!-- teardown -->
        <test-method signature="LaunchUrl(java.lang.String,java.lang.String,java.lang.String,java.lang.String,java.lang.String,org.testng.ITestContext)[pri:1, instance:ccpa.testcases.HomepageTestDP@59505b48]" started-at="2021-11-15T16:38:02 UTC" name="LaunchUrl" data-provider="geturls" finished-at="2021-11-15T16:38:15 UTC" duration-ms="12953" status="PASS">
          <params>
            <param index="0">
              <value>
                <![CDATA[https://www.biomarkertesting.com/]]>
              </value>
            </param>
            <param index="1">
              <value>
                <![CDATA[]]>
              </value>
            </param>
            <param index="2">
              <value>
                <![CDATA[ON]]>
              </value>
            </param>
            <param index="3">
              <value>
                <![CDATA[URL11]]>
              </value>
            </param>
            <param index="4">
              <value>
                <![CDATA[true]]>
              </value>
            </param>
            <param index="5">
              <value>
                <![CDATA[org.testng.TestRunner@56102e1c]]>
              </value>
            </param>
          </params>
          <reporter-output>
          </reporter-output>
        </test-method> <!-- LaunchUrl -->
        <test-method is-config="true" signature="teardown(org.testng.ITestResult,org.testng.ITestContext)[pri:0, instance:ccpa.testcases.HomepageTestDP@59505b48]" started-at="2021-11-15T16:38:15 UTC" name="teardown" finished-at="2021-11-15T16:38:17 UTC" duration-ms="2271" status="PASS">
          <params>
            <param index="0">
              <value>
                <![CDATA[[TestResult name=https://www.biomarkertesting.com/ status=SUCCESS method=HomepageTestDP.LaunchUrl(java.lang.String,java.lang.String,java.lang.String,java.lang.String,java.lang.String,org.testng.ITestContext)[pri:1, instance:ccpa.testcases.HomepageTestDP@59505b48] output={null}]]]>
              </value>
            </param>
            <param index="1">
              <value>
                <![CDATA[org.testng.TestRunner@56102e1c]]>
              </value>
            </param>
          </params>
          <reporter-output>
          </reporter-output>
        </test-method> <!-- teardown -->
        <test-method signature="LaunchUrl(java.lang.String,java.lang.String,java.lang.String,java.lang.String,java.lang.String,org.testng.ITestContext)[pri:1, instance:ccpa.testcases.HomepageTestDP@59505b48]" started-at="2021-11-15T16:38:17 UTC" name="LaunchUrl" data-provider="geturls" finished-at="2021-11-15T16:38:37 UTC" duration-ms="20157" status="PASS">
          <params>
            <param index="0">
              <value>
                <![CDATA[www.cancerscreenweek.org]]>
              </value>
            </param>
            <param index="1">
              <value>
                <![CDATA[]]>
              </value>
            </param>
            <param index="2">
              <value>
                <![CDATA[ON]]>
              </value>
            </param>
            <param index="3">
              <value>
                <![CDATA[URL12]]>
              </value>
            </param>
            <param index="4">
              <value>
                <![CDATA[true]]>
              </value>
            </param>
            <param index="5">
              <value>
                <![CDATA[org.testng.TestRunner@56102e1c]]>
              </value>
            </param>
          </params>
          <reporter-output>
          </reporter-output>
        </test-method> <!-- LaunchUrl -->
        <test-method is-config="true" signature="teardown(org.testng.ITestResult,org.testng.ITestContext)[pri:0, instance:ccpa.testcases.HomepageTestDP@59505b48]" started-at="2021-11-15T16:38:37 UTC" name="teardown" finished-at="2021-11-15T16:38:38 UTC" duration-ms="1124" status="PASS">
          <params>
            <param index="0">
              <value>
                <![CDATA[[TestResult name=www.cancerscreenweek.org status=SUCCESS method=HomepageTestDP.LaunchUrl(java.lang.String,java.lang.String,java.lang.String,java.lang.String,java.lang.String,org.testng.ITestContext)[pri:1, instance:ccpa.testcases.HomepageTestDP@59505b48] output={null}]]]>
              </value>
            </param>
            <param index="1">
              <value>
                <![CDATA[org.testng.TestRunner@56102e1c]]>
              </value>
            </param>
          </params>
          <reporter-output>
          </reporter-output>
        </test-method> <!-- teardown -->
        <test-method signature="LaunchUrl(java.lang.String,java.lang.String,java.lang.String,java.lang.String,java.lang.String,org.testng.ITestContext)[pri:1, instance:ccpa.testcases.HomepageTestDP@59505b48]" started-at="2021-11-15T16:38:38 UTC" name="LaunchUrl" data-provider="geturls" finished-at="2021-11-15T16:38:52 UTC" duration-ms="14069" status="PASS">
          <params>
            <param index="0">
              <value>
                <![CDATA[www.cathflo.com]]>
              </value>
            </param>
            <param index="1">
              <value>
                <![CDATA[]]>
              </value>
            </param>
            <param index="2">
              <value>
                <![CDATA[ON]]>
              </value>
            </param>
            <param index="3">
              <value>
                <![CDATA[URL13]]>
              </value>
            </param>
            <param index="4">
              <value>
                <![CDATA[true]]>
              </value>
            </param>
            <param index="5">
              <value>
                <![CDATA[org.testng.TestRunner@56102e1c]]>
              </value>
            </param>
          </params>
          <reporter-output>
          </reporter-output>
        </test-method> <!-- LaunchUrl -->
        <test-method is-config="true" signature="teardown(org.testng.ITestResult,org.testng.ITestContext)[pri:0, instance:ccpa.testcases.HomepageTestDP@59505b48]" started-at="2021-11-15T16:38:52 UTC" name="teardown" finished-at="2021-11-15T16:38:55 UTC" duration-ms="2234" status="PASS">
          <params>
            <param index="0">
              <value>
                <![CDATA[[TestResult name=www.cathflo.com status=SUCCESS method=HomepageTestDP.LaunchUrl(java.lang.String,java.lang.String,java.lang.String,java.lang.String,java.lang.String,org.testng.ITestContext)[pri:1, instance:ccpa.testcases.HomepageTestDP@59505b48] output={null}]]]>
              </value>
            </param>
            <param index="1">
              <value>
                <![CDATA[org.testng.TestRunner@56102e1c]]>
              </value>
            </param>
          </params>
          <reporter-output>
          </reporter-output>
        </test-method> <!-- teardown -->
        <test-method signature="LaunchUrl(java.lang.String,java.lang.String,java.lang.String,java.lang.String,java.lang.String,org.testng.ITestContext)[pri:1, instance:ccpa.testcases.HomepageTestDP@59505b48]" started-at="2021-11-15T16:38:55 UTC" name="LaunchUrl" data-provider="geturls" finished-at="2021-11-15T16:39:08 UTC" duration-ms="13734" status="PASS">
          <params>
            <param index="0">
              <value>
                <![CDATA[www.cellcept.com]]>
              </value>
            </param>
            <param index="1">
              <value>
                <![CDATA[]]>
              </value>
            </param>
            <param index="2">
              <value>
                <![CDATA[ON]]>
              </value>
            </param>
            <param index="3">
              <value>
                <![CDATA[URL14]]>
              </value>
            </param>
            <param index="4">
              <value>
                <![CDATA[true]]>
              </value>
            </param>
            <param index="5">
              <value>
                <![CDATA[org.testng.TestRunner@56102e1c]]>
              </value>
            </param>
          </params>
          <reporter-output>
          </reporter-output>
        </test-method> <!-- LaunchUrl -->
        <test-method is-config="true" signature="teardown(org.testng.ITestResult,org.testng.ITestContext)[pri:0, instance:ccpa.testcases.HomepageTestDP@59505b48]" started-at="2021-11-15T16:39:08 UTC" name="teardown" finished-at="2021-11-15T16:39:09 UTC" duration-ms="334" status="PASS">
          <params>
            <param index="0">
              <value>
                <![CDATA[[TestResult name=www.cellcept.com status=SUCCESS method=HomepageTestDP.LaunchUrl(java.lang.String,java.lang.String,java.lang.String,java.lang.String,java.lang.String,org.testng.ITestContext)[pri:1, instance:ccpa.testcases.HomepageTestDP@59505b48] output={null}]]]>
              </value>
            </param>
            <param index="1">
              <value>
                <![CDATA[org.testng.TestRunner@56102e1c]]>
              </value>
            </param>
          </params>
          <reporter-output>
          </reporter-output>
        </test-method> <!-- teardown -->
        <test-method signature="LaunchUrl(java.lang.String,java.lang.String,java.lang.String,java.lang.String,java.lang.String,org.testng.ITestContext)[pri:1, instance:ccpa.testcases.HomepageTestDP@59505b48]" started-at="2021-11-15T16:39:09 UTC" name="LaunchUrl" data-provider="geturls" finished-at="2021-11-15T16:39:23 UTC" duration-ms="13890" status="PASS">
          <params>
            <param index="0">
              <value>
                <![CDATA[www.cotellic.com]]>
              </value>
            </param>
            <param index="1">
              <value>
                <![CDATA[]]>
              </value>
            </param>
            <param index="2">
              <value>
                <![CDATA[ON]]>
              </value>
            </param>
            <param index="3">
              <value>
                <![CDATA[URL15]]>
              </value>
            </param>
            <param index="4">
              <value>
                <![CDATA[true]]>
              </value>
            </param>
            <param index="5">
              <value>
                <![CDATA[org.testng.TestRunner@56102e1c]]>
              </value>
            </param>
          </params>
          <reporter-output>
          </reporter-output>
        </test-method> <!-- LaunchUrl -->
        <test-method is-config="true" signature="teardown(org.testng.ITestResult,org.testng.ITestContext)[pri:0, instance:ccpa.testcases.HomepageTestDP@59505b48]" started-at="2021-11-15T16:39:23 UTC" name="teardown" finished-at="2021-11-15T16:39:25 UTC" duration-ms="2224" status="PASS">
          <params>
            <param index="0">
              <value>
                <![CDATA[[TestResult name=www.cotellic.com status=SUCCESS method=HomepageTestDP.LaunchUrl(java.lang.String,java.lang.String,java.lang.String,java.lang.String,java.lang.String,org.testng.ITestContext)[pri:1, instance:ccpa.testcases.HomepageTestDP@59505b48] output={null}]]]>
              </value>
            </param>
            <param index="1">
              <value>
                <![CDATA[org.testng.TestRunner@56102e1c]]>
              </value>
            </param>
          </params>
          <reporter-output>
          </reporter-output>
        </test-method> <!-- teardown -->
        <test-method signature="LaunchUrl(java.lang.String,java.lang.String,java.lang.String,java.lang.String,java.lang.String,org.testng.ITestContext)[pri:1, instance:ccpa.testcases.HomepageTestDP@59505b48]" started-at="2021-11-15T16:39:25 UTC" name="LaunchUrl" data-provider="geturls" finished-at="2021-11-15T16:39:38 UTC" duration-ms="13289" status="PASS">
          <params>
            <param index="0">
              <value>
                <![CDATA[www.discovertrk.com]]>
              </value>
            </param>
            <param index="1">
              <value>
                <![CDATA[]]>
              </value>
            </param>
            <param index="2">
              <value>
                <![CDATA[ON]]>
              </value>
            </param>
            <param index="3">
              <value>
                <![CDATA[URL16]]>
              </value>
            </param>
            <param index="4">
              <value>
                <![CDATA[true]]>
              </value>
            </param>
            <param index="5">
              <value>
                <![CDATA[org.testng.TestRunner@56102e1c]]>
              </value>
            </param>
          </params>
          <reporter-output>
          </reporter-output>
        </test-method> <!-- LaunchUrl -->
        <test-method is-config="true" signature="teardown(org.testng.ITestResult,org.testng.ITestContext)[pri:0, instance:ccpa.testcases.HomepageTestDP@59505b48]" started-at="2021-11-15T16:39:38 UTC" name="teardown" finished-at="2021-11-15T16:39:38 UTC" duration-ms="441" status="PASS">
          <params>
            <param index="0">
              <value>
                <![CDATA[[TestResult name=www.discovertrk.com status=SUCCESS method=HomepageTestDP.LaunchUrl(java.lang.String,java.lang.String,java.lang.String,java.lang.String,java.lang.String,org.testng.ITestContext)[pri:1, instance:ccpa.testcases.HomepageTestDP@59505b48] output={null}]]]>
              </value>
            </param>
            <param index="1">
              <value>
                <![CDATA[org.testng.TestRunner@56102e1c]]>
              </value>
            </param>
          </params>
          <reporter-output>
          </reporter-output>
        </test-method> <!-- teardown -->
        <test-method signature="LaunchUrl(java.lang.String,java.lang.String,java.lang.String,java.lang.String,java.lang.String,org.testng.ITestContext)[pri:1, instance:ccpa.testcases.HomepageTestDP@59505b48]" started-at="2021-11-15T16:39:38 UTC" name="LaunchUrl" data-provider="geturls" finished-at="2021-11-15T16:39:51 UTC" duration-ms="12868" status="PASS">
          <params>
            <param index="0">
              <value>
                <![CDATA[www.drugpricinglaw.com]]>
              </value>
            </param>
            <param index="1">
              <value>
                <![CDATA[]]>
              </value>
            </param>
            <param index="2">
              <value>
                <![CDATA[ON]]>
              </value>
            </param>
            <param index="3">
              <value>
                <![CDATA[URL17]]>
              </value>
            </param>
            <param index="4">
              <value>
                <![CDATA[true]]>
              </value>
            </param>
            <param index="5">
              <value>
                <![CDATA[org.testng.TestRunner@56102e1c]]>
              </value>
            </param>
          </params>
          <reporter-output>
          </reporter-output>
        </test-method> <!-- LaunchUrl -->
        <test-method is-config="true" signature="teardown(org.testng.ITestResult,org.testng.ITestContext)[pri:0, instance:ccpa.testcases.HomepageTestDP@59505b48]" started-at="2021-11-15T16:39:51 UTC" name="teardown" finished-at="2021-11-15T16:39:52 UTC" duration-ms="338" status="PASS">
          <params>
            <param index="0">
              <value>
                <![CDATA[[TestResult name=www.drugpricinglaw.com status=SUCCESS method=HomepageTestDP.LaunchUrl(java.lang.String,java.lang.String,java.lang.String,java.lang.String,java.lang.String,org.testng.ITestContext)[pri:1, instance:ccpa.testcases.HomepageTestDP@59505b48] output={null}]]]>
              </value>
            </param>
            <param index="1">
              <value>
                <![CDATA[org.testng.TestRunner@56102e1c]]>
              </value>
            </param>
          </params>
          <reporter-output>
          </reporter-output>
        </test-method> <!-- teardown -->
        <test-method signature="LaunchUrl(java.lang.String,java.lang.String,java.lang.String,java.lang.String,java.lang.String,org.testng.ITestContext)[pri:1, instance:ccpa.testcases.HomepageTestDP@59505b48]" started-at="2021-11-15T16:39:52 UTC" name="LaunchUrl" data-provider="geturls" finished-at="2021-11-15T16:40:05 UTC" duration-ms="13130" status="PASS">
          <params>
            <param index="0">
              <value>
                <![CDATA[www.earlynsclc.com]]>
              </value>
            </param>
            <param index="1">
              <value>
                <![CDATA[]]>
              </value>
            </param>
            <param index="2">
              <value>
                <![CDATA[ON]]>
              </value>
            </param>
            <param index="3">
              <value>
                <![CDATA[URL18]]>
              </value>
            </param>
            <param index="4">
              <value>
                <![CDATA[true]]>
              </value>
            </param>
            <param index="5">
              <value>
                <![CDATA[org.testng.TestRunner@56102e1c]]>
              </value>
            </param>
          </params>
          <reporter-output>
          </reporter-output>
        </test-method> <!-- LaunchUrl -->
        <test-method is-config="true" signature="teardown(org.testng.ITestResult,org.testng.ITestContext)[pri:0, instance:ccpa.testcases.HomepageTestDP@59505b48]" started-at="2021-11-15T16:40:05 UTC" name="teardown" finished-at="2021-11-15T16:40:07 UTC" duration-ms="2192" status="PASS">
          <params>
            <param index="0">
              <value>
                <![CDATA[[TestResult name=www.earlynsclc.com status=SUCCESS method=HomepageTestDP.LaunchUrl(java.lang.String,java.lang.String,java.lang.String,java.lang.String,java.lang.String,org.testng.ITestContext)[pri:1, instance:ccpa.testcases.HomepageTestDP@59505b48] output={null}]]]>
              </value>
            </param>
            <param index="1">
              <value>
                <![CDATA[org.testng.TestRunner@56102e1c]]>
              </value>
            </param>
          </params>
          <reporter-output>
          </reporter-output>
        </test-method> <!-- teardown -->
        <test-method signature="LaunchUrl(java.lang.String,java.lang.String,java.lang.String,java.lang.String,java.lang.String,org.testng.ITestContext)[pri:1, instance:ccpa.testcases.HomepageTestDP@59505b48]" started-at="2021-11-15T16:40:07 UTC" name="LaunchUrl" data-provider="geturls" finished-at="2021-11-15T16:40:26 UTC" duration-ms="18777" status="PASS">
          <params>
            <param index="0">
              <value>
                <![CDATA[www.emicizumabinfo.com]]>
              </value>
            </param>
            <param index="1">
              <value>
                <![CDATA[]]>
              </value>
            </param>
            <param index="2">
              <value>
                <![CDATA[ON]]>
              </value>
            </param>
            <param index="3">
              <value>
                <![CDATA[URL19]]>
              </value>
            </param>
            <param index="4">
              <value>
                <![CDATA[true]]>
              </value>
            </param>
            <param index="5">
              <value>
                <![CDATA[org.testng.TestRunner@56102e1c]]>
              </value>
            </param>
          </params>
          <reporter-output>
          </reporter-output>
        </test-method> <!-- LaunchUrl -->
        <test-method is-config="true" signature="teardown(org.testng.ITestResult,org.testng.ITestContext)[pri:0, instance:ccpa.testcases.HomepageTestDP@59505b48]" started-at="2021-11-15T16:40:26 UTC" name="teardown" finished-at="2021-11-15T16:40:26 UTC" duration-ms="418" status="PASS">
          <params>
            <param index="0">
              <value>
                <![CDATA[[TestResult name=www.emicizumabinfo.com status=SUCCESS method=HomepageTestDP.LaunchUrl(java.lang.String,java.lang.String,java.lang.String,java.lang.String,java.lang.String,org.testng.ITestContext)[pri:1, instance:ccpa.testcases.HomepageTestDP@59505b48] output={null}]]]>
              </value>
            </param>
            <param index="1">
              <value>
                <![CDATA[org.testng.TestRunner@56102e1c]]>
              </value>
            </param>
          </params>
          <reporter-output>
          </reporter-output>
        </test-method> <!-- teardown -->
        <test-method signature="LaunchUrl(java.lang.String,java.lang.String,java.lang.String,java.lang.String,java.lang.String,org.testng.ITestContext)[pri:1, instance:ccpa.testcases.HomepageTestDP@59505b48]" started-at="2021-11-15T16:40:26 UTC" name="LaunchUrl" data-provider="geturls" finished-at="2021-11-15T16:40:40 UTC" duration-ms="13928" status="PASS">
          <params>
            <param index="0">
              <value>
                <![CDATA[www.enspryng.com]]>
              </value>
            </param>
            <param index="1">
              <value>
                <![CDATA[]]>
              </value>
            </param>
            <param index="2">
              <value>
                <![CDATA[ON]]>
              </value>
            </param>
            <param index="3">
              <value>
                <![CDATA[URL20]]>
              </value>
            </param>
            <param index="4">
              <value>
                <![CDATA[true]]>
              </value>
            </param>
            <param index="5">
              <value>
                <![CDATA[org.testng.TestRunner@56102e1c]]>
              </value>
            </param>
          </params>
          <reporter-output>
          </reporter-output>
        </test-method> <!-- LaunchUrl -->
        <test-method is-config="true" signature="teardown(org.testng.ITestResult,org.testng.ITestContext)[pri:0, instance:ccpa.testcases.HomepageTestDP@59505b48]" started-at="2021-11-15T16:40:40 UTC" name="teardown" finished-at="2021-11-15T16:40:41 UTC" duration-ms="376" status="PASS">
          <params>
            <param index="0">
              <value>
                <![CDATA[[TestResult name=www.enspryng.com status=SUCCESS method=HomepageTestDP.LaunchUrl(java.lang.String,java.lang.String,java.lang.String,java.lang.String,java.lang.String,org.testng.ITestContext)[pri:1, instance:ccpa.testcases.HomepageTestDP@59505b48] output={null}]]]>
              </value>
            </param>
            <param index="1">
              <value>
                <![CDATA[org.testng.TestRunner@56102e1c]]>
              </value>
            </param>
          </params>
          <reporter-output>
          </reporter-output>
        </test-method> <!-- teardown -->
        <test-method signature="LaunchUrl(java.lang.String,java.lang.String,java.lang.String,java.lang.String,java.lang.String,org.testng.ITestContext)[pri:1, instance:ccpa.testcases.HomepageTestDP@59505b48]" started-at="2021-11-15T16:40:41 UTC" name="LaunchUrl" data-provider="geturls" finished-at="2021-11-15T16:40:54 UTC" duration-ms="13350" status="PASS">
          <params>
            <param index="0">
              <value>
                <![CDATA[www.enspryng-hcp.com]]>
              </value>
            </param>
            <param index="1">
              <value>
                <![CDATA[]]>
              </value>
            </param>
            <param index="2">
              <value>
                <![CDATA[ON]]>
              </value>
            </param>
            <param index="3">
              <value>
                <![CDATA[URL21]]>
              </value>
            </param>
            <param index="4">
              <value>
                <![CDATA[true]]>
              </value>
            </param>
            <param index="5">
              <value>
                <![CDATA[org.testng.TestRunner@56102e1c]]>
              </value>
            </param>
          </params>
          <reporter-output>
          </reporter-output>
        </test-method> <!-- LaunchUrl -->
        <test-method is-config="true" signature="teardown(org.testng.ITestResult,org.testng.ITestContext)[pri:0, instance:ccpa.testcases.HomepageTestDP@59505b48]" started-at="2021-11-15T16:40:54 UTC" name="teardown" finished-at="2021-11-15T16:40:56 UTC" duration-ms="2178" status="PASS">
          <params>
            <param index="0">
              <value>
                <![CDATA[[TestResult name=www.enspryng-hcp.com status=SUCCESS method=HomepageTestDP.LaunchUrl(java.lang.String,java.lang.String,java.lang.String,java.lang.String,java.lang.String,org.testng.ITestContext)[pri:1, instance:ccpa.testcases.HomepageTestDP@59505b48] output={null}]]]>
              </value>
            </param>
            <param index="1">
              <value>
                <![CDATA[org.testng.TestRunner@56102e1c]]>
              </value>
            </param>
          </params>
          <reporter-output>
          </reporter-output>
        </test-method> <!-- teardown -->
        <test-method signature="LaunchUrl(java.lang.String,java.lang.String,java.lang.String,java.lang.String,java.lang.String,org.testng.ITestContext)[pri:1, instance:ccpa.testcases.HomepageTestDP@59505b48]" started-at="2021-11-15T16:40:56 UTC" name="LaunchUrl" data-provider="geturls" finished-at="2021-11-15T16:41:10 UTC" duration-ms="14096" status="PASS">
          <params>
            <param index="0">
              <value>
                <![CDATA[www.erivedge.com]]>
              </value>
            </param>
            <param index="1">
              <value>
                <![CDATA[]]>
              </value>
            </param>
            <param index="2">
              <value>
                <![CDATA[ON]]>
              </value>
            </param>
            <param index="3">
              <value>
                <![CDATA[URL22]]>
              </value>
            </param>
            <param index="4">
              <value>
                <![CDATA[true]]>
              </value>
            </param>
            <param index="5">
              <value>
                <![CDATA[org.testng.TestRunner@56102e1c]]>
              </value>
            </param>
          </params>
          <reporter-output>
          </reporter-output>
        </test-method> <!-- LaunchUrl -->
        <test-method is-config="true" signature="teardown(org.testng.ITestResult,org.testng.ITestContext)[pri:0, instance:ccpa.testcases.HomepageTestDP@59505b48]" started-at="2021-11-15T16:41:10 UTC" name="teardown" finished-at="2021-11-15T16:41:12 UTC" duration-ms="2161" status="PASS">
          <params>
            <param index="0">
              <value>
                <![CDATA[[TestResult name=www.erivedge.com status=SUCCESS method=HomepageTestDP.LaunchUrl(java.lang.String,java.lang.String,java.lang.String,java.lang.String,java.lang.String,org.testng.ITestContext)[pri:1, instance:ccpa.testcases.HomepageTestDP@59505b48] output={null}]]]>
              </value>
            </param>
            <param index="1">
              <value>
                <![CDATA[org.testng.TestRunner@56102e1c]]>
              </value>
            </param>
          </params>
          <reporter-output>
          </reporter-output>
        </test-method> <!-- teardown -->
        <test-method signature="LaunchUrl(java.lang.String,java.lang.String,java.lang.String,java.lang.String,java.lang.String,org.testng.ITestContext)[pri:1, instance:ccpa.testcases.HomepageTestDP@59505b48]" started-at="2021-11-15T16:41:12 UTC" name="LaunchUrl" data-provider="geturls" finished-at="2021-11-15T16:41:26 UTC" duration-ms="13896" status="PASS">
          <params>
            <param index="0">
              <value>
                <![CDATA[www.esbriet.com]]>
              </value>
            </param>
            <param index="1">
              <value>
                <![CDATA[]]>
              </value>
            </param>
            <param index="2">
              <value>
                <![CDATA[ON]]>
              </value>
            </param>
            <param index="3">
              <value>
                <![CDATA[URL23]]>
              </value>
            </param>
            <param index="4">
              <value>
                <![CDATA[true]]>
              </value>
            </param>
            <param index="5">
              <value>
                <![CDATA[org.testng.TestRunner@56102e1c]]>
              </value>
            </param>
          </params>
          <reporter-output>
          </reporter-output>
        </test-method> <!-- LaunchUrl -->
        <test-method is-config="true" signature="teardown(org.testng.ITestResult,org.testng.ITestContext)[pri:0, instance:ccpa.testcases.HomepageTestDP@59505b48]" started-at="2021-11-15T16:41:26 UTC" name="teardown" finished-at="2021-11-15T16:41:28 UTC" duration-ms="2212" status="PASS">
          <params>
            <param index="0">
              <value>
                <![CDATA[[TestResult name=www.esbriet.com status=SUCCESS method=HomepageTestDP.LaunchUrl(java.lang.String,java.lang.String,java.lang.String,java.lang.String,java.lang.String,org.testng.ITestContext)[pri:1, instance:ccpa.testcases.HomepageTestDP@59505b48] output={null}]]]>
              </value>
            </param>
            <param index="1">
              <value>
                <![CDATA[org.testng.TestRunner@56102e1c]]>
              </value>
            </param>
          </params>
          <reporter-output>
          </reporter-output>
        </test-method> <!-- teardown -->
        <test-method signature="LaunchUrl(java.lang.String,java.lang.String,java.lang.String,java.lang.String,java.lang.String,org.testng.ITestContext)[pri:1, instance:ccpa.testcases.HomepageTestDP@59505b48]" started-at="2021-11-15T16:41:28 UTC" name="LaunchUrl" data-provider="geturls" finished-at="2021-11-15T16:41:42 UTC" duration-ms="13627" status="PASS">
          <params>
            <param index="0">
              <value>
                <![CDATA[www.esbriethcp.com]]>
              </value>
            </param>
            <param index="1">
              <value>
                <![CDATA[]]>
              </value>
            </param>
            <param index="2">
              <value>
                <![CDATA[ON]]>
              </value>
            </param>
            <param index="3">
              <value>
                <![CDATA[URL24]]>
              </value>
            </param>
            <param index="4">
              <value>
                <![CDATA[true]]>
              </value>
            </param>
            <param index="5">
              <value>
                <![CDATA[org.testng.TestRunner@56102e1c]]>
              </value>
            </param>
          </params>
          <reporter-output>
          </reporter-output>
        </test-method> <!-- LaunchUrl -->
        <test-method is-config="true" signature="teardown(org.testng.ITestResult,org.testng.ITestContext)[pri:0, instance:ccpa.testcases.HomepageTestDP@59505b48]" started-at="2021-11-15T16:41:42 UTC" name="teardown" finished-at="2021-11-15T16:41:44 UTC" duration-ms="2228" status="PASS">
          <params>
            <param index="0">
              <value>
                <![CDATA[[TestResult name=www.esbriethcp.com status=SUCCESS method=HomepageTestDP.LaunchUrl(java.lang.String,java.lang.String,java.lang.String,java.lang.String,java.lang.String,org.testng.ITestContext)[pri:1, instance:ccpa.testcases.HomepageTestDP@59505b48] output={null}]]]>
              </value>
            </param>
            <param index="1">
              <value>
                <![CDATA[org.testng.TestRunner@56102e1c]]>
              </value>
            </param>
          </params>
          <reporter-output>
          </reporter-output>
        </test-method> <!-- teardown -->
        <test-method signature="LaunchUrl(java.lang.String,java.lang.String,java.lang.String,java.lang.String,java.lang.String,org.testng.ITestContext)[pri:1, instance:ccpa.testcases.HomepageTestDP@59505b48]" started-at="2021-11-15T16:41:44 UTC" name="LaunchUrl" data-provider="geturls" finished-at="2021-11-15T16:41:58 UTC" duration-ms="13621" status="PASS">
          <params>
            <param index="0">
              <value>
                <![CDATA[www.evrysdi.com]]>
              </value>
            </param>
            <param index="1">
              <value>
                <![CDATA[]]>
              </value>
            </param>
            <param index="2">
              <value>
                <![CDATA[ON]]>
              </value>
            </param>
            <param index="3">
              <value>
                <![CDATA[URL25]]>
              </value>
            </param>
            <param index="4">
              <value>
                <![CDATA[true]]>
              </value>
            </param>
            <param index="5">
              <value>
                <![CDATA[org.testng.TestRunner@56102e1c]]>
              </value>
            </param>
          </params>
          <reporter-output>
          </reporter-output>
        </test-method> <!-- LaunchUrl -->
        <test-method is-config="true" signature="teardown(org.testng.ITestResult,org.testng.ITestContext)[pri:0, instance:ccpa.testcases.HomepageTestDP@59505b48]" started-at="2021-11-15T16:41:58 UTC" name="teardown" finished-at="2021-11-15T16:41:58 UTC" duration-ms="396" status="PASS">
          <params>
            <param index="0">
              <value>
                <![CDATA[[TestResult name=www.evrysdi.com status=SUCCESS method=HomepageTestDP.LaunchUrl(java.lang.String,java.lang.String,java.lang.String,java.lang.String,java.lang.String,org.testng.ITestContext)[pri:1, instance:ccpa.testcases.HomepageTestDP@59505b48] output={null}]]]>
              </value>
            </param>
            <param index="1">
              <value>
                <![CDATA[org.testng.TestRunner@56102e1c]]>
              </value>
            </param>
          </params>
          <reporter-output>
          </reporter-output>
        </test-method> <!-- teardown -->
        <test-method signature="LaunchUrl(java.lang.String,java.lang.String,java.lang.String,java.lang.String,java.lang.String,org.testng.ITestContext)[pri:1, instance:ccpa.testcases.HomepageTestDP@59505b48]" started-at="2021-11-15T16:41:58 UTC" name="LaunchUrl" data-provider="geturls" finished-at="2021-11-15T16:42:12 UTC" duration-ms="14187" status="PASS">
          <params>
            <param index="0">
              <value>
                <![CDATA[www.evrysdi-hcp.com]]>
              </value>
            </param>
            <param index="1">
              <value>
                <![CDATA[]]>
              </value>
            </param>
            <param index="2">
              <value>
                <![CDATA[ON]]>
              </value>
            </param>
            <param index="3">
              <value>
                <![CDATA[URL26]]>
              </value>
            </param>
            <param index="4">
              <value>
                <![CDATA[true]]>
              </value>
            </param>
            <param index="5">
              <value>
                <![CDATA[org.testng.TestRunner@56102e1c]]>
              </value>
            </param>
          </params>
          <reporter-output>
          </reporter-output>
        </test-method> <!-- LaunchUrl -->
        <test-method is-config="true" signature="teardown(org.testng.ITestResult,org.testng.ITestContext)[pri:0, instance:ccpa.testcases.HomepageTestDP@59505b48]" started-at="2021-11-15T16:42:12 UTC" name="teardown" finished-at="2021-11-15T16:42:15 UTC" duration-ms="2218" status="PASS">
          <params>
            <param index="0">
              <value>
                <![CDATA[[TestResult name=www.evrysdi-hcp.com status=SUCCESS method=HomepageTestDP.LaunchUrl(java.lang.String,java.lang.String,java.lang.String,java.lang.String,java.lang.String,org.testng.ITestContext)[pri:1, instance:ccpa.testcases.HomepageTestDP@59505b48] output={null}]]]>
              </value>
            </param>
            <param index="1">
              <value>
                <![CDATA[org.testng.TestRunner@56102e1c]]>
              </value>
            </param>
          </params>
          <reporter-output>
          </reporter-output>
        </test-method> <!-- teardown -->
        <test-method signature="LaunchUrl(java.lang.String,java.lang.String,java.lang.String,java.lang.String,java.lang.String,org.testng.ITestContext)[pri:1, instance:ccpa.testcases.HomepageTestDP@59505b48]" started-at="2021-11-15T16:42:15 UTC" name="LaunchUrl" data-provider="geturls" finished-at="2021-11-15T16:42:29 UTC" duration-ms="14335" status="PASS">
          <params>
            <param index="0">
              <value>
                <![CDATA[www.faceipf.com]]>
              </value>
            </param>
            <param index="1">
              <value>
                <![CDATA[]]>
              </value>
            </param>
            <param index="2">
              <value>
                <![CDATA[ON]]>
              </value>
            </param>
            <param index="3">
              <value>
                <![CDATA[URL27]]>
              </value>
            </param>
            <param index="4">
              <value>
                <![CDATA[true]]>
              </value>
            </param>
            <param index="5">
              <value>
                <![CDATA[org.testng.TestRunner@56102e1c]]>
              </value>
            </param>
          </params>
          <reporter-output>
          </reporter-output>
        </test-method> <!-- LaunchUrl -->
        <test-method is-config="true" signature="teardown(org.testng.ITestResult,org.testng.ITestContext)[pri:0, instance:ccpa.testcases.HomepageTestDP@59505b48]" started-at="2021-11-15T16:42:29 UTC" name="teardown" finished-at="2021-11-15T16:42:29 UTC" duration-ms="310" status="PASS">
          <params>
            <param index="0">
              <value>
                <![CDATA[[TestResult name=www.faceipf.com status=SUCCESS method=HomepageTestDP.LaunchUrl(java.lang.String,java.lang.String,java.lang.String,java.lang.String,java.lang.String,org.testng.ITestContext)[pri:1, instance:ccpa.testcases.HomepageTestDP@59505b48] output={null}]]]>
              </value>
            </param>
            <param index="1">
              <value>
                <![CDATA[org.testng.TestRunner@56102e1c]]>
              </value>
            </param>
          </params>
          <reporter-output>
          </reporter-output>
        </test-method> <!-- teardown -->
        <test-method signature="LaunchUrl(java.lang.String,java.lang.String,java.lang.String,java.lang.String,java.lang.String,org.testng.ITestContext)[pri:1, instance:ccpa.testcases.HomepageTestDP@59505b48]" started-at="2021-11-15T16:42:29 UTC" name="LaunchUrl" data-provider="geturls" finished-at="2021-11-15T16:42:42 UTC" duration-ms="13099" status="PASS">
          <params>
            <param index="0">
              <value>
                <![CDATA[www.fuzeon.com]]>
              </value>
            </param>
            <param index="1">
              <value>
                <![CDATA[]]>
              </value>
            </param>
            <param index="2">
              <value>
                <![CDATA[ON]]>
              </value>
            </param>
            <param index="3">
              <value>
                <![CDATA[URL28]]>
              </value>
            </param>
            <param index="4">
              <value>
                <![CDATA[true]]>
              </value>
            </param>
            <param index="5">
              <value>
                <![CDATA[org.testng.TestRunner@56102e1c]]>
              </value>
            </param>
          </params>
          <reporter-output>
          </reporter-output>
        </test-method> <!-- LaunchUrl -->
        <test-method is-config="true" signature="teardown(org.testng.ITestResult,org.testng.ITestContext)[pri:0, instance:ccpa.testcases.HomepageTestDP@59505b48]" started-at="2021-11-15T16:42:42 UTC" name="teardown" finished-at="2021-11-15T16:42:45 UTC" duration-ms="2270" status="PASS">
          <params>
            <param index="0">
              <value>
                <![CDATA[[TestResult name=www.fuzeon.com status=SUCCESS method=HomepageTestDP.LaunchUrl(java.lang.String,java.lang.String,java.lang.String,java.lang.String,java.lang.String,org.testng.ITestContext)[pri:1, instance:ccpa.testcases.HomepageTestDP@59505b48] output={null}]]]>
              </value>
            </param>
            <param index="1">
              <value>
                <![CDATA[org.testng.TestRunner@56102e1c]]>
              </value>
            </param>
          </params>
          <reporter-output>
          </reporter-output>
        </test-method> <!-- teardown -->
        <test-method signature="LaunchUrl(java.lang.String,java.lang.String,java.lang.String,java.lang.String,java.lang.String,org.testng.ITestContext)[pri:1, instance:ccpa.testcases.HomepageTestDP@59505b48]" started-at="2021-11-15T16:42:45 UTC" name="LaunchUrl" data-provider="geturls" finished-at="2021-11-15T16:42:59 UTC" duration-ms="14375" status="PASS">
          <params>
            <param index="0">
              <value>
                <![CDATA[www.gavreto.com]]>
              </value>
            </param>
            <param index="1">
              <value>
                <![CDATA[]]>
              </value>
            </param>
            <param index="2">
              <value>
                <![CDATA[ON]]>
              </value>
            </param>
            <param index="3">
              <value>
                <![CDATA[URL29]]>
              </value>
            </param>
            <param index="4">
              <value>
                <![CDATA[true]]>
              </value>
            </param>
            <param index="5">
              <value>
                <![CDATA[org.testng.TestRunner@56102e1c]]>
              </value>
            </param>
          </params>
          <reporter-output>
          </reporter-output>
        </test-method> <!-- LaunchUrl -->
        <test-method is-config="true" signature="teardown(org.testng.ITestResult,org.testng.ITestContext)[pri:0, instance:ccpa.testcases.HomepageTestDP@59505b48]" started-at="2021-11-15T16:42:59 UTC" name="teardown" finished-at="2021-11-15T16:43:01 UTC" duration-ms="2194" status="PASS">
          <params>
            <param index="0">
              <value>
                <![CDATA[[TestResult name=www.gavreto.com status=SUCCESS method=HomepageTestDP.LaunchUrl(java.lang.String,java.lang.String,java.lang.String,java.lang.String,java.lang.String,org.testng.ITestContext)[pri:1, instance:ccpa.testcases.HomepageTestDP@59505b48] output={null}]]]>
              </value>
            </param>
            <param index="1">
              <value>
                <![CDATA[org.testng.TestRunner@56102e1c]]>
              </value>
            </param>
          </params>
          <reporter-output>
          </reporter-output>
        </test-method> <!-- teardown -->
        <test-method signature="LaunchUrl(java.lang.String,java.lang.String,java.lang.String,java.lang.String,java.lang.String,org.testng.ITestContext)[pri:1, instance:ccpa.testcases.HomepageTestDP@59505b48]" started-at="2021-11-15T16:43:01 UTC" name="LaunchUrl" data-provider="geturls" finished-at="2021-11-15T16:43:15 UTC" duration-ms="13399" status="PASS">
          <params>
            <param index="0">
              <value>
                <![CDATA[www.gavreto-hcp.com]]>
              </value>
            </param>
            <param index="1">
              <value>
                <![CDATA[]]>
              </value>
            </param>
            <param index="2">
              <value>
                <![CDATA[ON]]>
              </value>
            </param>
            <param index="3">
              <value>
                <![CDATA[URL30]]>
              </value>
            </param>
            <param index="4">
              <value>
                <![CDATA[true]]>
              </value>
            </param>
            <param index="5">
              <value>
                <![CDATA[org.testng.TestRunner@56102e1c]]>
              </value>
            </param>
          </params>
          <reporter-output>
          </reporter-output>
        </test-method> <!-- LaunchUrl -->
        <test-method is-config="true" signature="teardown(org.testng.ITestResult,org.testng.ITestContext)[pri:0, instance:ccpa.testcases.HomepageTestDP@59505b48]" started-at="2021-11-15T16:43:15 UTC" name="teardown" finished-at="2021-11-15T16:43:17 UTC" duration-ms="2145" status="PASS">
          <params>
            <param index="0">
              <value>
                <![CDATA[[TestResult name=www.gavreto-hcp.com status=SUCCESS method=HomepageTestDP.LaunchUrl(java.lang.String,java.lang.String,java.lang.String,java.lang.String,java.lang.String,org.testng.ITestContext)[pri:1, instance:ccpa.testcases.HomepageTestDP@59505b48] output={null}]]]>
              </value>
            </param>
            <param index="1">
              <value>
                <![CDATA[org.testng.TestRunner@56102e1c]]>
              </value>
            </param>
          </params>
          <reporter-output>
          </reporter-output>
        </test-method> <!-- teardown -->
        <test-method signature="LaunchUrl(java.lang.String,java.lang.String,java.lang.String,java.lang.String,java.lang.String,org.testng.ITestContext)[pri:1, instance:ccpa.testcases.HomepageTestDP@59505b48]" started-at="2021-11-15T16:43:17 UTC" name="LaunchUrl" data-provider="geturls" finished-at="2021-11-15T16:43:30 UTC" duration-ms="13432" status="PASS">
          <params>
            <param index="0">
              <value>
                <![CDATA[www.gazyva.com]]>
              </value>
            </param>
            <param index="1">
              <value>
                <![CDATA[]]>
              </value>
            </param>
            <param index="2">
              <value>
                <![CDATA[ON]]>
              </value>
            </param>
            <param index="3">
              <value>
                <![CDATA[URL31]]>
              </value>
            </param>
            <param index="4">
              <value>
                <![CDATA[true]]>
              </value>
            </param>
            <param index="5">
              <value>
                <![CDATA[org.testng.TestRunner@56102e1c]]>
              </value>
            </param>
          </params>
          <reporter-output>
          </reporter-output>
        </test-method> <!-- LaunchUrl -->
        <test-method is-config="true" signature="teardown(org.testng.ITestResult,org.testng.ITestContext)[pri:0, instance:ccpa.testcases.HomepageTestDP@59505b48]" started-at="2021-11-15T16:43:30 UTC" name="teardown" finished-at="2021-11-15T16:43:32 UTC" duration-ms="2173" status="PASS">
          <params>
            <param index="0">
              <value>
                <![CDATA[[TestResult name=www.gazyva.com status=SUCCESS method=HomepageTestDP.LaunchUrl(java.lang.String,java.lang.String,java.lang.String,java.lang.String,java.lang.String,org.testng.ITestContext)[pri:1, instance:ccpa.testcases.HomepageTestDP@59505b48] output={null}]]]>
              </value>
            </param>
            <param index="1">
              <value>
                <![CDATA[org.testng.TestRunner@56102e1c]]>
              </value>
            </param>
          </params>
          <reporter-output>
          </reporter-output>
        </test-method> <!-- teardown -->
        <test-method signature="LaunchUrl(java.lang.String,java.lang.String,java.lang.String,java.lang.String,java.lang.String,org.testng.ITestContext)[pri:1, instance:ccpa.testcases.HomepageTestDP@59505b48]" started-at="2021-11-15T16:43:32 UTC" name="LaunchUrl" data-provider="geturls" finished-at="2021-11-15T16:43:46 UTC" duration-ms="13509" status="PASS">
          <params>
            <param index="0">
              <value>
                <![CDATA[www.gazyva-hcp.com]]>
              </value>
            </param>
            <param index="1">
              <value>
                <![CDATA[]]>
              </value>
            </param>
            <param index="2">
              <value>
                <![CDATA[ON]]>
              </value>
            </param>
            <param index="3">
              <value>
                <![CDATA[URL32]]>
              </value>
            </param>
            <param index="4">
              <value>
                <![CDATA[true]]>
              </value>
            </param>
            <param index="5">
              <value>
                <![CDATA[org.testng.TestRunner@56102e1c]]>
              </value>
            </param>
          </params>
          <reporter-output>
          </reporter-output>
        </test-method> <!-- LaunchUrl -->
        <test-method is-config="true" signature="teardown(org.testng.ITestResult,org.testng.ITestContext)[pri:0, instance:ccpa.testcases.HomepageTestDP@59505b48]" started-at="2021-11-15T16:43:46 UTC" name="teardown" finished-at="2021-11-15T16:43:46 UTC" duration-ms="339" status="PASS">
          <params>
            <param index="0">
              <value>
                <![CDATA[[TestResult name=www.gazyva-hcp.com status=SUCCESS method=HomepageTestDP.LaunchUrl(java.lang.String,java.lang.String,java.lang.String,java.lang.String,java.lang.String,org.testng.ITestContext)[pri:1, instance:ccpa.testcases.HomepageTestDP@59505b48] output={null}]]]>
              </value>
            </param>
            <param index="1">
              <value>
                <![CDATA[org.testng.TestRunner@56102e1c]]>
              </value>
            </param>
          </params>
          <reporter-output>
          </reporter-output>
        </test-method> <!-- teardown -->
        <test-method signature="LaunchUrl(java.lang.String,java.lang.String,java.lang.String,java.lang.String,java.lang.String,org.testng.ITestContext)[pri:1, instance:ccpa.testcases.HomepageTestDP@59505b48]" started-at="2021-11-15T16:43:46 UTC" name="LaunchUrl" data-provider="geturls" finished-at="2021-11-15T16:43:59 UTC" duration-ms="13099" status="PASS">
          <params>
            <param index="0">
              <value>
                <![CDATA[www.genentech-access.com]]>
              </value>
            </param>
            <param index="1">
              <value>
                <![CDATA[]]>
              </value>
            </param>
            <param index="2">
              <value>
                <![CDATA[ON]]>
              </value>
            </param>
            <param index="3">
              <value>
                <![CDATA[URL33]]>
              </value>
            </param>
            <param index="4">
              <value>
                <![CDATA[true]]>
              </value>
            </param>
            <param index="5">
              <value>
                <![CDATA[org.testng.TestRunner@56102e1c]]>
              </value>
            </param>
          </params>
          <reporter-output>
          </reporter-output>
        </test-method> <!-- LaunchUrl -->
        <test-method is-config="true" signature="teardown(org.testng.ITestResult,org.testng.ITestContext)[pri:0, instance:ccpa.testcases.HomepageTestDP@59505b48]" started-at="2021-11-15T16:43:59 UTC" name="teardown" finished-at="2021-11-15T16:44:02 UTC" duration-ms="2185" status="PASS">
          <params>
            <param index="0">
              <value>
                <![CDATA[[TestResult name=www.genentech-access.com status=SUCCESS method=HomepageTestDP.LaunchUrl(java.lang.String,java.lang.String,java.lang.String,java.lang.String,java.lang.String,org.testng.ITestContext)[pri:1, instance:ccpa.testcases.HomepageTestDP@59505b48] output={null}]]]>
              </value>
            </param>
            <param index="1">
              <value>
                <![CDATA[org.testng.TestRunner@56102e1c]]>
              </value>
            </param>
          </params>
          <reporter-output>
          </reporter-output>
        </test-method> <!-- teardown -->
        <test-method signature="LaunchUrl(java.lang.String,java.lang.String,java.lang.String,java.lang.String,java.lang.String,org.testng.ITestContext)[pri:1, instance:ccpa.testcases.HomepageTestDP@59505b48]" started-at="2021-11-15T16:44:02 UTC" name="LaunchUrl" data-provider="geturls" finished-at="2021-11-15T16:44:16 UTC" duration-ms="14337" status="PASS">
          <params>
            <param index="0">
              <value>
                <![CDATA[www.genentech-forum.com]]>
              </value>
            </param>
            <param index="1">
              <value>
                <![CDATA[]]>
              </value>
            </param>
            <param index="2">
              <value>
                <![CDATA[ON]]>
              </value>
            </param>
            <param index="3">
              <value>
                <![CDATA[URL34]]>
              </value>
            </param>
            <param index="4">
              <value>
                <![CDATA[true]]>
              </value>
            </param>
            <param index="5">
              <value>
                <![CDATA[org.testng.TestRunner@56102e1c]]>
              </value>
            </param>
          </params>
          <reporter-output>
          </reporter-output>
        </test-method> <!-- LaunchUrl -->
        <test-method is-config="true" signature="teardown(org.testng.ITestResult,org.testng.ITestContext)[pri:0, instance:ccpa.testcases.HomepageTestDP@59505b48]" started-at="2021-11-15T16:44:16 UTC" name="teardown" finished-at="2021-11-15T16:44:16 UTC" duration-ms="396" status="PASS">
          <params>
            <param index="0">
              <value>
                <![CDATA[[TestResult name=www.genentech-forum.com status=SUCCESS method=HomepageTestDP.LaunchUrl(java.lang.String,java.lang.String,java.lang.String,java.lang.String,java.lang.String,org.testng.ITestContext)[pri:1, instance:ccpa.testcases.HomepageTestDP@59505b48] output={null}]]]>
              </value>
            </param>
            <param index="1">
              <value>
                <![CDATA[org.testng.TestRunner@56102e1c]]>
              </value>
            </param>
          </params>
          <reporter-output>
          </reporter-output>
        </test-method> <!-- teardown -->
        <test-method signature="LaunchUrl(java.lang.String,java.lang.String,java.lang.String,java.lang.String,java.lang.String,org.testng.ITestContext)[pri:1, instance:ccpa.testcases.HomepageTestDP@59505b48]" started-at="2021-11-15T16:44:16 UTC" name="LaunchUrl" data-provider="geturls" finished-at="2021-11-15T16:44:31 UTC" duration-ms="14491" status="PASS">
          <params>
            <param index="0">
              <value>
                <![CDATA[www.genentechhemophilia.com]]>
              </value>
            </param>
            <param index="1">
              <value>
                <![CDATA[]]>
              </value>
            </param>
            <param index="2">
              <value>
                <![CDATA[ON]]>
              </value>
            </param>
            <param index="3">
              <value>
                <![CDATA[URL35]]>
              </value>
            </param>
            <param index="4">
              <value>
                <![CDATA[true]]>
              </value>
            </param>
            <param index="5">
              <value>
                <![CDATA[org.testng.TestRunner@56102e1c]]>
              </value>
            </param>
          </params>
          <reporter-output>
          </reporter-output>
        </test-method> <!-- LaunchUrl -->
        <test-method is-config="true" signature="teardown(org.testng.ITestResult,org.testng.ITestContext)[pri:0, instance:ccpa.testcases.HomepageTestDP@59505b48]" started-at="2021-11-15T16:44:31 UTC" name="teardown" finished-at="2021-11-15T16:44:33 UTC" duration-ms="2166" status="PASS">
          <params>
            <param index="0">
              <value>
                <![CDATA[[TestResult name=www.genentechhemophilia.com status=SUCCESS method=HomepageTestDP.LaunchUrl(java.lang.String,java.lang.String,java.lang.String,java.lang.String,java.lang.String,org.testng.ITestContext)[pri:1, instance:ccpa.testcases.HomepageTestDP@59505b48] output={null}]]]>
              </value>
            </param>
            <param index="1">
              <value>
                <![CDATA[org.testng.TestRunner@56102e1c]]>
              </value>
            </param>
          </params>
          <reporter-output>
          </reporter-output>
        </test-method> <!-- teardown -->
        <test-method signature="LaunchUrl(java.lang.String,java.lang.String,java.lang.String,java.lang.String,java.lang.String,org.testng.ITestContext)[pri:1, instance:ccpa.testcases.HomepageTestDP@59505b48]" started-at="2021-11-15T16:44:33 UTC" name="LaunchUrl" data-provider="geturls" finished-at="2021-11-15T16:44:50 UTC" duration-ms="17124" status="PASS">
          <params>
            <param index="0">
              <value>
                <![CDATA[www.genentech-medicines.com]]>
              </value>
            </param>
            <param index="1">
              <value>
                <![CDATA[]]>
              </value>
            </param>
            <param index="2">
              <value>
                <![CDATA[ON]]>
              </value>
            </param>
            <param index="3">
              <value>
                <![CDATA[URL36]]>
              </value>
            </param>
            <param index="4">
              <value>
                <![CDATA[true]]>
              </value>
            </param>
            <param index="5">
              <value>
                <![CDATA[org.testng.TestRunner@56102e1c]]>
              </value>
            </param>
          </params>
          <reporter-output>
          </reporter-output>
        </test-method> <!-- LaunchUrl -->
        <test-method is-config="true" signature="teardown(org.testng.ITestResult,org.testng.ITestContext)[pri:0, instance:ccpa.testcases.HomepageTestDP@59505b48]" started-at="2021-11-15T16:44:50 UTC" name="teardown" finished-at="2021-11-15T16:44:52 UTC" duration-ms="2371" status="PASS">
          <params>
            <param index="0">
              <value>
                <![CDATA[[TestResult name=www.genentech-medicines.com status=SUCCESS method=HomepageTestDP.LaunchUrl(java.lang.String,java.lang.String,java.lang.String,java.lang.String,java.lang.String,org.testng.ITestContext)[pri:1, instance:ccpa.testcases.HomepageTestDP@59505b48] output={null}]]]>
              </value>
            </param>
            <param index="1">
              <value>
                <![CDATA[org.testng.TestRunner@56102e1c]]>
              </value>
            </param>
          </params>
          <reporter-output>
          </reporter-output>
        </test-method> <!-- teardown -->
        <test-method signature="LaunchUrl(java.lang.String,java.lang.String,java.lang.String,java.lang.String,java.lang.String,org.testng.ITestContext)[pri:1, instance:ccpa.testcases.HomepageTestDP@59505b48]" started-at="2021-11-15T16:44:52 UTC" name="LaunchUrl" data-provider="geturls" finished-at="2021-11-15T16:45:06 UTC" duration-ms="13528" status="PASS">
          <params>
            <param index="0">
              <value>
                <![CDATA[www.genentechoncology.com]]>
              </value>
            </param>
            <param index="1">
              <value>
                <![CDATA[]]>
              </value>
            </param>
            <param index="2">
              <value>
                <![CDATA[ON]]>
              </value>
            </param>
            <param index="3">
              <value>
                <![CDATA[URL37]]>
              </value>
            </param>
            <param index="4">
              <value>
                <![CDATA[true]]>
              </value>
            </param>
            <param index="5">
              <value>
                <![CDATA[org.testng.TestRunner@56102e1c]]>
              </value>
            </param>
          </params>
          <reporter-output>
          </reporter-output>
        </test-method> <!-- LaunchUrl -->
[...]
        </test-method> <!-- LaunchUrl -->
        <test-method is-config="true" signature="teardown(org.testng.ITestResult,org.testng.ITestContext)[pri:0, instance:ccpa.testcases.HomepageTestDP@59505b48]" started-at="2021-11-15T16:56:45 UTC" name="teardown" finished-at="2021-11-15T16:56:46 UTC" duration-ms="360" status="PASS">
          <params>
            <param index="0">
              <value>
                <![CDATA[[TestResult name=www.thehiddenpredator.com status=SUCCESS method=HomepageTestDP.LaunchUrl(java.lang.String,java.lang.String,java.lang.String,java.lang.String,java.lang.String,org.testng.ITestContext)[pri:1, instance:ccpa.testcases.HomepageTestDP@59505b48] output={null}]]]>
              </value>
            </param>
            <param index="1">
              <value>
                <![CDATA[org.testng.TestRunner@56102e1c]]>
              </value>
            </param>
          </params>
          <reporter-output>
          </reporter-output>
        </test-method> <!-- teardown -->
        <test-method signature="LaunchUrl(java.lang.String,java.lang.String,java.lang.String,java.lang.String,java.lang.String,org.testng.ITestContext)[pri:1, instance:ccpa.testcases.HomepageTestDP@59505b48]" started-at="2021-11-15T16:56:46 UTC" name="LaunchUrl" data-provider="geturls" finished-at="2021-11-15T16:56:59 UTC" duration-ms="13473" status="PASS">
          <params>
            <param index="0">
              <value>
                <![CDATA[www.tnkase.com]]>
              </value>
            </param>
            <param index="1">
              <value>
                <![CDATA[]]>
              </value>
            </param>
            <param index="2">
              <value>
                <![CDATA[ON]]>
              </value>
            </param>
            <param index="3">
              <value>
                <![CDATA[URL84]]>
              </value>
            </param>
            <param index="4">
              <value>
                <![CDATA[true]]>
              </value>
            </param>
            <param index="5">
              <value>
                <![CDATA[org.testng.TestRunner@56102e1c]]>
              </value>
            </param>
          </params>
          <reporter-output>
          </reporter-output>
        </test-method> <!-- LaunchUrl -->
        <test-method is-config="true" signature="teardown(org.testng.ITestResult,org.testng.ITestContext)[pri:0, instance:ccpa.testcases.HomepageTestDP@59505b48]" started-at="2021-11-15T16:56:59 UTC" name="teardown" finished-at="2021-11-15T16:57:00 UTC" duration-ms="399" status="PASS">
          <params>
            <param index="0">
              <value>
                <![CDATA[[TestResult name=www.tnkase.com status=SUCCESS method=HomepageTestDP.LaunchUrl(java.lang.String,java.lang.String,java.lang.String,java.lang.String,java.lang.String,org.testng.ITestContext)[pri:1, instance:ccpa.testcases.HomepageTestDP@59505b48] output={null}]]]>
              </value>
            </param>
            <param index="1">
              <value>
                <![CDATA[org.testng.TestRunner@56102e1c]]>
              </value>
            </param>
          </params>
          <reporter-output>
          </reporter-output>
        </test-method> <!-- teardown -->
        <test-method signature="LaunchUrl(java.lang.String,java.lang.String,java.lang.String,java.lang.String,java.lang.String,org.testng.ITestContext)[pri:1, instance:ccpa.testcases.HomepageTestDP@59505b48]" started-at="2021-11-15T16:57:00 UTC" name="LaunchUrl" data-provider="geturls" finished-at="2021-11-15T16:57:16 UTC" duration-ms="16444" status="PASS">
          <params>
            <param index="0">
              <value>
                <![CDATA[www.vabysmo.com]]>
              </value>
            </param>
            <param index="1">
              <value>
                <![CDATA[]]>
              </value>
            </param>
            <param index="2">
              <value>
                <![CDATA[ON]]>
              </value>
            </param>
            <param index="3">
              <value>
                <![CDATA[URL85]]>
              </value>
            </param>
            <param index="4">
              <value>
                <![CDATA[true]]>
              </value>
            </param>
            <param index="5">
              <value>
                <![CDATA[org.testng.TestRunner@56102e1c]]>
              </value>
            </param>
          </params>
          <reporter-output>
          </reporter-output>
        </test-method> <!-- LaunchUrl -->
        <test-method is-config="true" signature="teardown(org.testng.ITestResult,org.testng.ITestContext)[pri:0, instance:ccpa.testcases.HomepageTestDP@59505b48]" started-at="2021-11-15T16:57:16 UTC" name="teardown" finished-at="2021-11-15T16:57:17 UTC" duration-ms="413" status="PASS">
          <params>
            <param index="0">
              <value>
                <![CDATA[[TestResult name=www.vabysmo.com status=SUCCESS method=HomepageTestDP.LaunchUrl(java.lang.String,java.lang.String,java.lang.String,java.lang.String,java.lang.String,org.testng.ITestContext)[pri:1, instance:ccpa.testcases.HomepageTestDP@59505b48] output={null}]]]>
              </value>
            </param>
            <param index="1">
              <value>
                <![CDATA[org.testng.TestRunner@56102e1c]]>
              </value>
            </param>
          </params>
          <reporter-output>
          </reporter-output>
        </test-method> <!-- teardown -->
        <test-method signature="LaunchUrl(java.lang.String,java.lang.String,java.lang.String,java.lang.String,java.lang.String,org.testng.ITestContext)[pri:1, instance:ccpa.testcases.HomepageTestDP@59505b48]" started-at="2021-11-15T16:57:17 UTC" name="LaunchUrl" data-provider="geturls" finished-at="2021-11-15T16:57:33 UTC" duration-ms="16573" status="PASS">
          <params>
            <param index="0">
              <value>
                <![CDATA[www.vabysmo-hcp.com]]>
              </value>
            </param>
            <param index="1">
              <value>
                <![CDATA[]]>
              </value>
            </param>
            <param index="2">
              <value>
                <![CDATA[ON]]>
              </value>
            </param>
            <param index="3">
              <value>
                <![CDATA[URL86]]>
              </value>
            </param>
            <param index="4">
              <value>
                <![CDATA[true]]>
              </value>
            </param>
            <param index="5">
              <value>
                <![CDATA[org.testng.TestRunner@56102e1c]]>
              </value>
            </param>
          </params>
          <reporter-output>
          </reporter-output>
        </test-method> <!-- LaunchUrl -->
        <test-method is-config="true" signature="teardown(org.testng.ITestResult,org.testng.ITestContext)[pri:0, instance:ccpa.testcases.HomepageTestDP@59505b48]" started-at="2021-11-15T16:57:33 UTC" name="teardown" finished-at="2021-11-15T16:57:34 UTC" duration-ms="384" status="PASS">
          <params>
            <param index="0">
              <value>
                <![CDATA[[TestResult name=www.vabysmo-hcp.com status=SUCCESS method=HomepageTestDP.LaunchUrl(java.lang.String,java.lang.String,java.lang.String,java.lang.String,java.lang.String,org.testng.ITestContext)[pri:1, instance:ccpa.testcases.HomepageTestDP@59505b48] output={null}]]]>
              </value>
            </param>
            <param index="1">
              <value>
                <![CDATA[org.testng.TestRunner@56102e1c]]>
              </value>
            </param>
          </params>
          <reporter-output>
          </reporter-output>
        </test-method> <!-- teardown -->
        <test-method signature="LaunchUrl(java.lang.String,java.lang.String,java.lang.String,java.lang.String,java.lang.String,org.testng.ITestContext)[pri:1, instance:ccpa.testcases.HomepageTestDP@59505b48]" started-at="2021-11-15T16:57:34 UTC" name="LaunchUrl" data-provider="geturls" finished-at="2021-11-15T16:57:54 UTC" duration-ms="20189" status="PASS">
          <params>
            <param index="0">
              <value>
                <![CDATA[www.venclextahcp.com]]>
              </value>
            </param>
            <param index="1">
              <value>
                <![CDATA[]]>
              </value>
            </param>
            <param index="2">
              <value>
                <![CDATA[ON]]>
              </value>
            </param>
            <param index="3">
              <value>
                <![CDATA[URL87]]>
              </value>
            </param>
            <param index="4">
              <value>
                <![CDATA[true]]>
              </value>
            </param>
            <param index="5">
              <value>
                <![CDATA[org.testng.TestRunner@56102e1c]]>
              </value>
            </param>
          </params>
          <reporter-output>
          </reporter-output>
        </test-method> <!-- LaunchUrl -->
        <test-method is-config="true" signature="teardown(org.testng.ITestResult,org.testng.ITestContext)[pri:0, instance:ccpa.testcases.HomepageTestDP@59505b48]" started-at="2021-11-15T16:57:54 UTC" name="teardown" finished-at="2021-11-15T16:57:56 UTC" duration-ms="2345" status="PASS">
          <params>
            <param index="0">
              <value>
                <![CDATA[[TestResult name=www.venclextahcp.com status=SUCCESS method=HomepageTestDP.LaunchUrl(java.lang.String,java.lang.String,java.lang.String,java.lang.String,java.lang.String,org.testng.ITestContext)[pri:1, instance:ccpa.testcases.HomepageTestDP@59505b48] output={null}]]]>
              </value>
            </param>
            <param index="1">
              <value>
                <![CDATA[org.testng.TestRunner@56102e1c]]>
              </value>
            </param>
          </params>
          <reporter-output>
          </reporter-output>
        </test-method> <!-- teardown -->
        <test-method signature="LaunchUrl(java.lang.String,java.lang.String,java.lang.String,java.lang.String,java.lang.String,org.testng.ITestContext)[pri:1, instance:ccpa.testcases.HomepageTestDP@59505b48]" started-at="2021-11-15T16:57:56 UTC" name="LaunchUrl" data-provider="geturls" finished-at="2021-11-15T16:58:09 UTC" duration-ms="13046" status="PASS">
          <params>
            <param index="0">
              <value>
                <![CDATA[www.xofluza.com]]>
              </value>
            </param>
            <param index="1">
              <value>
                <![CDATA[]]>
              </value>
            </param>
            <param index="2">
              <value>
                <![CDATA[ON]]>
              </value>
            </param>
            <param index="3">
              <value>
                <![CDATA[URL88]]>
              </value>
            </param>
            <param index="4">
              <value>
                <![CDATA[true]]>
              </value>
            </param>
            <param index="5">
              <value>
                <![CDATA[org.testng.TestRunner@56102e1c]]>
              </value>
            </param>
          </params>
          <reporter-output>
          </reporter-output>
        </test-method> <!-- LaunchUrl -->
        <test-method is-config="true" signature="teardown(org.testng.ITestResult,org.testng.ITestContext)[pri:0, instance:ccpa.testcases.HomepageTestDP@59505b48]" started-at="2021-11-15T16:58:09 UTC" name="teardown" finished-at="2021-11-15T16:58:11 UTC" duration-ms="2248" status="PASS">
          <params>
            <param index="0">
              <value>
                <![CDATA[[TestResult name=www.xofluza.com status=SUCCESS method=HomepageTestDP.LaunchUrl(java.lang.String,java.lang.String,java.lang.String,java.lang.String,java.lang.String,org.testng.ITestContext)[pri:1, instance:ccpa.testcases.HomepageTestDP@59505b48] output={null}]]]>
              </value>
            </param>
            <param index="1">
              <value>
                <![CDATA[org.testng.TestRunner@56102e1c]]>
              </value>
            </param>
          </params>
          <reporter-output>
          </reporter-output>
        </test-method> <!-- teardown -->
        <test-method signature="LaunchUrl(java.lang.String,java.lang.String,java.lang.String,java.lang.String,java.lang.String,org.testng.ITestContext)[pri:1, instance:ccpa.testcases.HomepageTestDP@59505b48]" started-at="2021-11-15T16:58:11 UTC" name="LaunchUrl" data-provider="geturls" finished-at="2021-11-15T16:58:25 UTC" duration-ms="13637" status="PASS">
          <params>
            <param index="0">
              <value>
                <![CDATA[www.xofluza-hcp.com]]>
              </value>
            </param>
            <param index="1">
              <value>
                <![CDATA[]]>
              </value>
            </param>
            <param index="2">
              <value>
                <![CDATA[ON]]>
              </value>
            </param>
            <param index="3">
              <value>
                <![CDATA[URL89]]>
              </value>
            </param>
            <param index="4">
              <value>
                <![CDATA[true]]>
              </value>
            </param>
            <param index="5">
              <value>
                <![CDATA[org.testng.TestRunner@56102e1c]]>
              </value>
            </param>
          </params>
          <reporter-output>
          </reporter-output>
        </test-method> <!-- LaunchUrl -->
        <test-method is-config="true" signature="teardown(org.testng.ITestResult,org.testng.ITestContext)[pri:0, instance:ccpa.testcases.HomepageTestDP@59505b48]" started-at="2021-11-15T16:58:25 UTC" name="teardown" finished-at="2021-11-15T16:58:25 UTC" duration-ms="394" status="PASS">
          <params>
            <param index="0">
              <value>
                <![CDATA[[TestResult name=www.xofluza-hcp.com status=SUCCESS method=HomepageTestDP.LaunchUrl(java.lang.String,java.lang.String,java.lang.String,java.lang.String,java.lang.String,org.testng.ITestContext)[pri:1, instance:ccpa.testcases.HomepageTestDP@59505b48] output={null}]]]>
              </value>
            </param>
            <param index="1">
              <value>
                <![CDATA[org.testng.TestRunner@56102e1c]]>
              </value>
            </param>
          </params>
          <reporter-output>
          </reporter-output>
        </test-method> <!-- teardown -->
        <test-method signature="LaunchUrl(java.lang.String,java.lang.String,java.lang.String,java.lang.String,java.lang.String,org.testng.ITestContext)[pri:1, instance:ccpa.testcases.HomepageTestDP@59505b48]" started-at="2021-11-15T16:58:25 UTC" name="LaunchUrl" data-provider="geturls" finished-at="2021-11-15T16:58:38 UTC" duration-ms="12825" status="PASS">
          <params>
            <param index="0">
              <value>
                <![CDATA[www.xolair.com]]>
              </value>
            </param>
            <param index="1">
              <value>
                <![CDATA[]]>
              </value>
            </param>
            <param index="2">
              <value>
                <![CDATA[ON]]>
              </value>
            </param>
            <param index="3">
              <value>
                <![CDATA[URL90]]>
              </value>
            </param>
            <param index="4">
              <value>
                <![CDATA[true]]>
              </value>
            </param>
            <param index="5">
              <value>
                <![CDATA[org.testng.TestRunner@56102e1c]]>
              </value>
            </param>
          </params>
          <reporter-output>
          </reporter-output>
        </test-method> <!-- LaunchUrl -->
        <test-method is-config="true" signature="teardown(org.testng.ITestResult,org.testng.ITestContext)[pri:0, instance:ccpa.testcases.HomepageTestDP@59505b48]" started-at="2021-11-15T16:58:38 UTC" name="teardown" finished-at="2021-11-15T16:58:41 UTC" duration-ms="2271" status="PASS">
          <params>
            <param index="0">
              <value>
                <![CDATA[[TestResult name=www.xolair.com status=SUCCESS method=HomepageTestDP.LaunchUrl(java.lang.String,java.lang.String,java.lang.String,java.lang.String,java.lang.String,org.testng.ITestContext)[pri:1, instance:ccpa.testcases.HomepageTestDP@59505b48] output={null}]]]>
              </value>
            </param>
            <param index="1">
              <value>
                <![CDATA[org.testng.TestRunner@56102e1c]]>
              </value>
            </param>
          </params>
          <reporter-output>
          </reporter-output>
        </test-method> <!-- teardown -->
        <test-method signature="LaunchUrl(java.lang.String,java.lang.String,java.lang.String,java.lang.String,java.lang.String,org.testng.ITestContext)[pri:1, instance:ccpa.testcases.HomepageTestDP@59505b48]" started-at="2021-11-15T16:58:41 UTC" name="LaunchUrl" data-provider="geturls" finished-at="2021-11-15T16:58:54 UTC" duration-ms="13569" status="PASS">
          <params>
            <param index="0">
              <value>
                <![CDATA[www.xolairhcp.com]]>
              </value>
            </param>
            <param index="1">
              <value>
                <![CDATA[]]>
              </value>
            </param>
            <param index="2">
              <value>
                <![CDATA[ON]]>
              </value>
            </param>
            <param index="3">
              <value>
                <![CDATA[URL91]]>
              </value>
            </param>
            <param index="4">
              <value>
                <![CDATA[true]]>
              </value>
            </param>
            <param index="5">
              <value>
                <![CDATA[org.testng.TestRunner@56102e1c]]>
              </value>
            </param>
          </params>
          <reporter-output>
          </reporter-output>
        </test-method> <!-- LaunchUrl -->
        <test-method is-config="true" signature="teardown(org.testng.ITestResult,org.testng.ITestContext)[pri:0, instance:ccpa.testcases.HomepageTestDP@59505b48]" started-at="2021-11-15T16:58:54 UTC" name="teardown" finished-at="2021-11-15T16:58:54 UTC" duration-ms="300" status="PASS">
          <params>
            <param index="0">
              <value>
                <![CDATA[[TestResult name=www.xolairhcp.com status=SUCCESS method=HomepageTestDP.LaunchUrl(java.lang.String,java.lang.String,java.lang.String,java.lang.String,java.lang.String,org.testng.ITestContext)[pri:1, instance:ccpa.testcases.HomepageTestDP@59505b48] output={null}]]]>
              </value>
            </param>
            <param index="1">
              <value>
                <![CDATA[org.testng.TestRunner@56102e1c]]>
              </value>
            </param>
          </params>
          <reporter-output>
          </reporter-output>
        </test-method> <!-- teardown -->
        <test-method is-config="true" signature="endTest()[pri:0, instance:ccpa.testcases.HomepageTestDP@59505b48]" started-at="2021-11-15T16:58:54 UTC" name="endTest" finished-at="2021-11-15T16:58:55 UTC" duration-ms="574" status="PASS">
          <reporter-output>
          </reporter-output>
        </test-method> <!-- endTest -->
        <test-method is-config="true" signature="teardown()[pri:0, instance:ccpa.testcases.HomepageTestDP@59505b48]" started-at="2021-11-15T16:58:55 UTC" name="teardown" finished-at="2021-11-15T16:58:55 UTC" duration-ms="0" status="PASS">
          <reporter-output>
          </reporter-output>
        </test-method> <!-- teardown -->
      </class> <!-- ccpa.testcases.HomepageTestDP -->
    </test> <!-- Regression -->
  </suite> <!-- CCPA -->
</testng-results>
