<?xml version="1.0" encoding="UTF-8"?>
<!-- Generated by org.testng.reporters.JUnitXMLReporter -->
<testsuite ignored="0" hostname="EC2AMAZ-6E9TAIA" failures="0" tests="11" name="Regression" time="199.804" errors="0" timestamp="2021-11-22T09:24:50 UTC">
  <testcase classname="ccpa.testcases.HomepageTestDPP" name="aem.gene.com" time="18.894"/>
  <testcase classname="ccpa.testcases.HomepageTestDPP" name="aem-legacy.gene.com" time="17.054"/>
  <testcase classname="ccpa.testcases.HomepageTestDPP" name="https://www.actemrainfo.com/" time="16.849"/>
  <testcase classname="ccpa.testcases.HomepageTestDPP" name="www.emicizumabinfo.com" time="19.466"/>
  <testcase classname="ccpa.testcases.HomepageTestDPP" name="www.genentech-medicines.com" time="17.433"/>
  <testcase classname="ccpa.testcases.HomepageTestDPP" name="www.hemlibra-hcp.com" time="14.015"/>
  <testcase classname="ccpa.testcases.HomepageTestDPP" name="www.her2treatment.com" time="22.658"/>
  <testcase classname="ccpa.testcases.HomepageTestDPP" name="www.mytactictrial.com" time="16.881"/>
  <testcase classname="ccpa.testcases.HomepageTestDPP" name="www.researchakt.com" time="16.843"/>
  <testcase classname="ccpa.testcases.HomepageTestDPP" name="www.vabysmo.com" time="16.707"/>
  <testcase classname="ccpa.testcases.HomepageTestDPP" name="www.vabysmo-hcp.com" time="16.958"/>
</testsuite> <!-- Regression -->
