<?xml version="1.0" encoding="UTF-8"?>
<!-- Generated by org.testng.reporters.JUnitXMLReporter -->
<testsuite ignored="0" hostname="EC2AMAZ-6E9TAIA" failures="1" tests="12" name="Regression" time="220.612" errors="0" timestamp="2021-11-23T15:37:29 UTC">
  <testcase classname="ccpa.testcases.HomepageTestDPP" name="aem.gene.com" time="18.26"/>
  <testcase classname="ccpa.testcases.HomepageTestDPP" name="aem-legacy.gene.com" time="17.054"/>
  <testcase classname="ccpa.testcases.HomepageTestDPP" name="https://www.actemrainfo.com/" time="16.569"/>
  <testcase classname="ccpa.testcases.HomepageTestDPP" name="www.emicizumabinfo.com" time="18.257"/>
  <testcase classname="ccpa.testcases.HomepageTestDPP" name="www.genentech-medicines.com" time="16.593"/>
  <testcase classname="ccpa.testcases.HomepageTestDPP" name="www.hemlibra-hcp.com" time="11.982"/>
  <testcase classname="ccpa.testcases.HomepageTestDPP" name="www.her2treatment.com" time="19.131">
    <failure type="java.lang.AssertionError" message="expected [true] but found [false]">
      <![CDATA[java.lang.AssertionError: expected [true] but found [false]
at ccpa.testcases.HomepageTestDPP.LaunchUrl(HomepageTestDPP.java:140)
at java.base/java.util.ArrayList.forEach(ArrayList.java:1511)
... Removed 33 stack frames]]>
    </failure>
  </testcase> <!-- www.her2treatment.com -->
  <testcase classname="ccpa.testcases.HomepageTestDPP" name="www.mytactictrial.com" time="16.594"/>
  <testcase classname="ccpa.testcases.HomepageTestDPP" name="www.researchakt.com" time="16.969"/>
  <testcase classname="ccpa.testcases.HomepageTestDPP" name="www.vabysmo.com" time="16.477"/>
  <testcase classname="ccpa.testcases.HomepageTestDPP" name="www.vabysmo-hcp.com" time="16.437"/>
  <testcase classname="ccpa.testcases.HomepageTestDPP" name="www.venclextahcp.com" time="31.707"/>
</testsuite> <!-- Regression -->
